TN:
SF:src/App.tsx
FN:4,(anonymous_0)
FNF:1
FNH:0
FNDA:0,(anonymous_0)
DA:4,0
DA:5,0
LF:2
LH:0
BRF:0
BRH:0
end_of_record
TN:
SF:src/SimpleApp.tsx
FN:8,(anonymous_0)
FNF:1
FNH:0
FNDA:0,(anonymous_0)
DA:8,0
DA:9,0
LF:2
LH:0
BRF:0
BRH:0
end_of_record
TN:
SF:src/debug-cloud.js
FN:10,(anonymous_0)
FN:30,(anonymous_1)
FN:59,(anonymous_2)
FN:75,(anonymous_3)
FN:94,(anonymous_4)
FN:113,(anonymous_5)
FN:148,(anonymous_6)
FNF:7
FNH:0
FNDA:0,(anonymous_0)
FNDA:0,(anonymous_1)
FNDA:0,(anonymous_2)
FNDA:0,(anonymous_3)
FNDA:0,(anonymous_4)
FNDA:0,(anonymous_5)
FNDA:0,(anonymous_6)
DA:7,0
DA:11,0
DA:13,0
DA:14,0
DA:15,0
DA:16,0
DA:17,0
DA:18,0
DA:20,0
DA:21,0
DA:24,0
DA:25,0
DA:31,0
DA:33,0
DA:34,0
DA:35,0
DA:37,0
DA:43,0
DA:48,0
DA:53,0
DA:54,0
DA:60,0
DA:62,0
DA:63,0
DA:64,0
DA:65,0
DA:67,0
DA:69,0
DA:70,0
DA:76,0
DA:78,0
DA:79,0
DA:80,0
DA:81,0
DA:83,0
DA:84,0
DA:86,0
DA:88,0
DA:89,0
DA:95,0
DA:97,0
DA:98,0
DA:99,0
DA:100,0
DA:102,0
DA:103,0
DA:105,0
DA:107,0
DA:108,0
DA:114,0
DA:116,0
DA:122,0
DA:124,0
DA:125,0
DA:127,0
DA:130,0
DA:131,0
DA:133,0
DA:136,0
DA:137,0
DA:139,0
DA:142,0
DA:144,0
DA:149,0
DA:167,0
DA:168,0
LF:66
LH:0
BRDA:15,0,0,0
BRDA:15,0,1,0
BRDA:63,1,0,0
BRDA:63,1,1,0
BRDA:65,2,0,0
BRDA:65,2,1,0
BRDA:67,3,0,0
BRDA:67,3,1,0
BRDA:79,4,0,0
BRDA:79,4,1,0
BRDA:98,5,0,0
BRDA:98,5,1,0
BRDA:124,6,0,0
BRDA:124,6,1,0
BRDA:130,7,0,0
BRDA:130,7,1,0
BRDA:136,8,0,0
BRDA:136,8,1,0
BRDA:167,9,0,0
BRDA:167,9,1,0
BRF:20
BRH:0
end_of_record
TN:
SF:src/debug-sync.ts
FN:7,(anonymous_0)
FNF:1
FNH:0
FNDA:0,(anonymous_0)
DA:7,0
DA:8,0
DA:11,0
DA:12,0
DA:13,0
DA:23,0
DA:24,0
DA:25,0
DA:27,0
DA:31,0
DA:32,0
DA:33,0
DA:35,0
DA:39,0
DA:40,0
DA:41,0
DA:43,0
DA:47,0
DA:48,0
DA:49,0
DA:51,0
DA:56,0
DA:57,0
DA:59,0
DA:62,0
DA:66,0
DA:67,0
LF:27
LH:0
BRDA:15,0,0,0
BRDA:15,0,1,0
BRDA:66,1,0,0
BRDA:66,1,1,0
BRF:4
BRH:0
end_of_record
TN:
SF:src/main-simple.tsx
FNF:0
FNH:0
DA:9,0
DA:10,0
DA:11,0
DA:14,0
LF:4
LH:0
BRDA:10,0,0,0
BRDA:10,0,1,0
BRF:2
BRH:0
end_of_record
TN:
SF:src/main.tsx
FN:6,(anonymous_0)
FNF:1
FNH:0
FNDA:0,(anonymous_0)
DA:5,0
DA:6,0
DA:7,0
DA:11,0
DA:14,0
DA:17,0
DA:20,0
DA:23,0
DA:26,0
DA:29,0
DA:32,0
DA:35,0
DA:36,0
DA:37,0
DA:40,0
LF:15
LH:0
BRDA:5,0,0,0
BRDA:5,0,1,0
BRDA:5,1,0,0
BRDA:5,1,1,0
BRDA:5,1,2,0
BRDA:36,2,0,0
BRDA:36,2,1,0
BRF:7
BRH:0
end_of_record
TN:
SF:src/setupTests.ts
FN:4,(anonymous_0)
FN:45,(anonymous_1)
FN:46,(anonymous_2)
FN:57,(anonymous_3)
FNF:4
FNH:0
FNDA:0,(anonymous_0)
FNDA:0,(anonymous_1)
FNDA:0,(anonymous_2)
FNDA:0,(anonymous_3)
DA:4,0
DA:11,0
DA:17,0
DA:20,0
DA:26,0
DA:29,0
DA:30,0
DA:41,0
DA:44,0
DA:45,0
DA:46,0
DA:47,0
DA:51,0
DA:53,0
DA:57,0
DA:58,0
LF:16
LH:0
BRDA:47,0,0,0
BRDA:47,0,1,0
BRDA:48,1,0,0
BRDA:48,1,1,0
BRF:4
BRH:0
end_of_record
TN:
SF:src/test-cloud-auth-timing.js
FN:7,(anonymous_0)
FN:13,(anonymous_1)
FN:41,(anonymous_2)
FN:160,(anonymous_3)
FN:233,(anonymous_4)
FN:295,(anonymous_5)
FN:366,(anonymous_6)
FN:430,(anonymous_7)
FN:461,(anonymous_8)
FN:465,(anonymous_9)
FN:485,(anonymous_10)
FN:490,(anonymous_11)
FNF:12
FNH:0
FNDA:0,(anonymous_0)
FNDA:0,(anonymous_1)
FNDA:0,(anonymous_2)
FNDA:0,(anonymous_3)
FNDA:0,(anonymous_4)
FNDA:0,(anonymous_5)
FNDA:0,(anonymous_6)
FNDA:0,(anonymous_7)
FNDA:0,(anonymous_8)
FNDA:0,(anonymous_9)
FNDA:0,(anonymous_10)
FNDA:0,(anonymous_11)
DA:8,0
DA:9,0
DA:10,0
DA:14,0
DA:16,0
DA:24,0
DA:25,0
DA:26,0
DA:27,0
DA:28,0
DA:29,0
DA:31,0
DA:32,0
DA:36,0
DA:37,0
DA:42,0
DA:44,0
DA:45,0
DA:47,0
DA:49,0
DA:50,0
DA:52,0
DA:59,0
DA:60,0
DA:62,0
DA:69,0
DA:75,0
DA:76,0
DA:78,0
DA:85,0
DA:86,0
DA:91,0
DA:98,0
DA:101,0
DA:102,0
DA:108,0
DA:116,0
DA:117,0
DA:118,0
DA:125,0
DA:133,0
DA:140,0
DA:148,0
DA:151,0
DA:152,0
DA:156,0
DA:161,0
DA:163,0
DA:166,0
DA:181,0
DA:193,0
DA:212,0
DA:229,0
DA:234,0
DA:236,0
DA:239,0
DA:264,0
DA:278,0
DA:291,0
DA:296,0
DA:298,0
DA:301,0
DA:316,0
DA:331,0
DA:347,0
DA:362,0
DA:367,0
DA:369,0
DA:371,0
DA:373,0
DA:397,0
DA:413,0
DA:419,0
DA:422,0
DA:423,0
DA:426,0
DA:431,0
DA:432,0
DA:434,0
DA:435,0
DA:438,0
DA:439,0
DA:440,0
DA:441,0
DA:442,0
DA:443,0
DA:448,0
DA:449,0
DA:450,0
DA:451,0
DA:452,0
DA:453,0
DA:457,0
DA:458,0
DA:459,0
DA:461,0
DA:464,0
DA:465,0
DA:467,0
DA:468,0
DA:469,0
DA:470,0
DA:471,0
DA:473,0
DA:474,0
DA:475,0
DA:476,0
DA:477,0
DA:479,0
DA:485,0
DA:491,0
DA:493,0
DA:494,0
DA:495,0
DA:498,0
DA:499,0
DA:502,0
DA:503,0
DA:505,0
DA:507,0
DA:509,0
DA:510,0
DA:517,0
DA:518,0
DA:524,0
DA:526,0
LF:126
LH:0
BRDA:151,0,0,0
BRDA:151,0,1,0
BRDA:438,1,0,0
BRDA:438,1,1,0
BRDA:440,2,0,0
BRDA:440,2,1,0
BRDA:448,3,0,0
BRDA:448,3,1,0
BRDA:450,4,0,0
BRDA:450,4,1,0
BRDA:458,5,0,0
BRDA:458,5,1,0
BRDA:507,6,0,0
BRDA:507,6,1,0
BRDA:509,7,0,0
BRDA:509,7,1,0
BRDA:513,8,0,0
BRDA:513,8,1,0
BRF:18
BRH:0
end_of_record
TN:
SF:src/test-cloud-sync.js
FN:7,(anonymous_0)
FN:14,(anonymous_1)
FN:46,(anonymous_2)
FN:96,(anonymous_3)
FN:130,(anonymous_4)
FN:195,(anonymous_5)
FN:267,(anonymous_6)
FN:311,(anonymous_7)
FN:377,(anonymous_8)
FN:421,(anonymous_9)
FN:449,(anonymous_10)
FN:456,(anonymous_11)
FN:459,(anonymous_12)
FN:472,(anonymous_13)
FN:477,(anonymous_14)
FNF:15
FNH:0
FNDA:0,(anonymous_0)
FNDA:0,(anonymous_1)
FNDA:0,(anonymous_2)
FNDA:0,(anonymous_3)
FNDA:0,(anonymous_4)
FNDA:0,(anonymous_5)
FNDA:0,(anonymous_6)
FNDA:0,(anonymous_7)
FNDA:0,(anonymous_8)
FNDA:0,(anonymous_9)
FNDA:0,(anonymous_10)
FNDA:0,(anonymous_11)
FNDA:0,(anonymous_12)
FNDA:0,(anonymous_13)
FNDA:0,(anonymous_14)
DA:8,0
DA:9,0
DA:10,0
DA:15,0
DA:17,0
DA:27,0
DA:28,0
DA:29,0
DA:30,0
DA:31,0
DA:32,0
DA:34,0
DA:35,0
DA:39,0
DA:40,0
DA:47,0
DA:53,0
DA:55,0
DA:56,0
DA:57,0
DA:58,0
DA:59,0
DA:62,0
DA:67,0
DA:76,0
DA:77,0
DA:78,0
DA:79,0
DA:81,0
DA:84,0
DA:88,0
DA:92,0
DA:97,0
DA:99,0
DA:102,0
DA:104,0
DA:105,0
DA:106,0
DA:108,0
DA:109,0
DA:110,0
DA:112,0
DA:115,0
DA:125,0
DA:132,0
DA:168,0
DA:177,0
DA:178,0
DA:179,0
DA:180,0
DA:181,0
DA:183,0
DA:184,0
DA:187,0
DA:196,0
DA:199,0
DA:200,0
DA:213,0
DA:222,0
DA:231,0
DA:239,0
DA:240,0
DA:248,0
DA:256,0
DA:263,0
DA:268,0
DA:271,0
DA:272,0
DA:273,0
DA:280,0
DA:284,0
DA:285,0
DA:286,0
DA:293,0
DA:294,0
DA:297,0
DA:301,0
DA:307,0
DA:312,0
DA:315,0
DA:316,0
DA:317,0
DA:324,0
DA:332,0
DA:333,0
DA:338,0
DA:345,0
DA:353,0
DA:354,0
DA:359,0
DA:366,0
DA:373,0
DA:378,0
DA:381,0
DA:382,0
DA:385,0
DA:386,0
DA:389,0
DA:390,0
DA:391,0
DA:393,0
DA:394,0
DA:400,0
DA:401,0
DA:403,0
DA:404,0
DA:410,0
DA:411,0
DA:414,0
DA:417,0
DA:422,0
DA:423,0
DA:425,0
DA:426,0
DA:427,0
DA:428,0
DA:430,0
DA:431,0
DA:432,0
DA:433,0
DA:434,0
DA:436,0
DA:437,0
DA:441,0
DA:442,0
DA:443,0
DA:444,0
DA:445,0
DA:447,0
DA:448,0
DA:449,0
DA:452,0
DA:453,0
DA:454,0
DA:456,0
DA:457,0
DA:459,0
DA:460,0
DA:463,0
DA:473,0
DA:474,0
DA:478,0
DA:480,0
DA:483,0
DA:484,0
DA:485,0
DA:487,0
DA:491,0
DA:492,0
DA:495,0
DA:496,0
DA:497,0
DA:499,0
DA:502,0
DA:503,0
DA:508,0
DA:510,0
LF:157
LH:0
BRDA:58,0,0,0
BRDA:58,0,1,0
BRDA:58,1,0,0
BRDA:58,1,1,0
BRDA:78,2,0,0
BRDA:78,2,1,0
BRDA:78,3,0,0
BRDA:78,3,1,0
BRDA:99,4,0,0
BRDA:99,4,1,0
BRDA:117,5,0,0
BRDA:117,5,1,0
BRDA:121,6,0,0
BRDA:121,6,1,0
BRDA:169,7,0,0
BRDA:169,7,1,0
BRDA:169,7,2,0
BRDA:170,8,0,0
BRDA:170,8,1,0
BRDA:171,9,0,0
BRDA:171,9,1,0
BRDA:217,10,0,0
BRDA:217,10,1,0
BRDA:227,11,0,0
BRDA:227,11,1,0
BRDA:244,12,0,0
BRDA:244,12,1,0
BRDA:252,13,0,0
BRDA:252,13,1,0
BRDA:381,14,0,0
BRDA:381,14,1,0
BRDA:381,15,0,0
BRDA:381,15,1,0
BRDA:389,16,0,0
BRDA:389,16,1,0
BRDA:432,17,0,0
BRDA:432,17,1,0
BRDA:447,18,0,0
BRDA:447,18,1,0
BRDA:453,19,0,0
BRDA:453,19,1,0
BRDA:456,20,0,0
BRDA:456,20,1,0
BRDA:459,21,0,0
BRDA:459,21,1,0
BRDA:491,22,0,0
BRDA:491,22,1,0
BRDA:492,23,0,0
BRDA:492,23,1,0
BRF:49
BRH:0
end_of_record
TN:
SF:src/test-cross-browser-sync.js
FN:7,(anonymous_0)
FN:12,(anonymous_1)
FN:44,(anonymous_2)
FN:66,(anonymous_3)
FN:89,(anonymous_4)
FN:140,(anonymous_5)
FN:155,(anonymous_6)
FN:171,(anonymous_7)
FN:210,(anonymous_8)
FN:254,(anonymous_9)
FN:287,(anonymous_10)
FN:295,(anonymous_11)
FN:356,(anonymous_12)
FN:391,(anonymous_13)
FN:398,(anonymous_14)
FN:417,(anonymous_15)
FN:429,(anonymous_16)
FN:433,(anonymous_17)
FN:446,(anonymous_18)
FNF:19
FNH:0
FNDA:0,(anonymous_0)
FNDA:0,(anonymous_1)
FNDA:0,(anonymous_2)
FNDA:0,(anonymous_3)
FNDA:0,(anonymous_4)
FNDA:0,(anonymous_5)
FNDA:0,(anonymous_6)
FNDA:0,(anonymous_7)
FNDA:0,(anonymous_8)
FNDA:0,(anonymous_9)
FNDA:0,(anonymous_10)
FNDA:0,(anonymous_11)
FNDA:0,(anonymous_12)
FNDA:0,(anonymous_13)
FNDA:0,(anonymous_14)
FNDA:0,(anonymous_15)
FNDA:0,(anonymous_16)
FNDA:0,(anonymous_17)
FNDA:0,(anonymous_18)
DA:8,0
DA:9,0
DA:13,0
DA:14,0
DA:15,0
DA:17,0
DA:27,0
DA:28,0
DA:29,0
DA:30,0
DA:31,0
DA:32,0
DA:34,0
DA:35,0
DA:39,0
DA:40,0
DA:45,0
DA:46,0
DA:48,0
DA:56,0
DA:58,0
DA:59,0
DA:62,0
DA:67,0
DA:68,0
DA:70,0
DA:72,0
DA:73,0
DA:77,0
DA:78,0
DA:80,0
DA:90,0
DA:91,0
DA:94,0
DA:116,0
DA:118,0
DA:120,0
DA:122,0
DA:125,0
DA:127,0
DA:134,0
DA:135,0
DA:141,0
DA:142,0
DA:144,0
DA:146,0
DA:147,0
DA:149,0
DA:152,0
DA:153,0
DA:154,0
DA:155,0
DA:156,0
DA:160,0
DA:165,0
DA:166,0
DA:172,0
DA:175,0
DA:183,0
DA:184,0
DA:185,0
DA:186,0
DA:187,0
DA:188,0
DA:191,0
DA:195,0
DA:196,0
DA:198,0
DA:199,0
DA:201,0
DA:204,0
DA:206,0
DA:211,0
DA:212,0
DA:214,0
DA:215,0
DA:217,0
DA:218,0
DA:221,0
DA:243,0
DA:244,0
DA:245,0
DA:251,0
DA:254,0
DA:256,0
DA:262,0
DA:263,0
DA:269,0
DA:272,0
DA:277,0
DA:280,0
DA:288,0
DA:290,0
DA:291,0
DA:294,0
DA:295,0
DA:297,0
DA:298,0
DA:301,0
DA:303,0
DA:305,0
DA:307,0
DA:317,0
DA:318,0
DA:323,0
DA:326,0
DA:327,0
DA:332,0
DA:336,0
DA:340,0
DA:345,0
DA:348,0
DA:357,0
DA:358,0
DA:360,0
DA:361,0
DA:364,0
DA:365,0
DA:369,0
DA:370,0
DA:374,0
DA:375,0
DA:377,0
DA:381,0
DA:382,0
DA:383,0
DA:384,0
DA:387,0
DA:388,0
DA:389,0
DA:391,0
DA:394,0
DA:395,0
DA:396,0
DA:398,0
DA:401,0
DA:402,0
DA:403,0
DA:404,0
DA:405,0
DA:406,0
DA:408,0
DA:418,0
DA:420,0
DA:421,0
DA:423,0
DA:424,0
DA:426,0
DA:429,0
DA:431,0
DA:432,0
DA:433,0
DA:434,0
DA:435,0
DA:436,0
DA:437,0
DA:441,0
DA:442,0
DA:444,0
DA:445,0
DA:446,0
DA:447,0
DA:451,0
DA:452,0
DA:455,0
DA:461,0
DA:462,0
DA:468,0
DA:470,0
LF:169
LH:0
BRDA:58,0,0,0
BRDA:58,0,1,0
BRDA:67,1,0,0
BRDA:67,1,1,0
BRDA:68,2,0,0
BRDA:68,2,1,0
BRDA:72,3,0,0
BRDA:72,3,1,0
BRDA:152,4,0,0
BRDA:152,4,1,0
BRDA:185,5,0,0
BRDA:185,5,1,0
BRDA:198,6,0,0
BRDA:198,6,1,0
BRDA:295,7,0,0
BRDA:295,7,1,0
BRDA:297,8,0,0
BRDA:297,8,1,0
BRDA:321,9,0,0
BRDA:321,9,1,0
BRDA:326,10,0,0
BRDA:326,10,1,0
BRDA:329,11,0,0
BRDA:329,11,1,0
BRDA:364,12,0,0
BRDA:364,12,1,0
BRDA:369,13,0,0
BRDA:369,13,1,0
BRDA:374,14,0,0
BRDA:374,14,1,0
BRDA:382,15,0,0
BRDA:382,15,1,0
BRDA:382,16,0,0
BRDA:382,16,1,0
BRDA:388,17,0,0
BRDA:388,17,1,0
BRDA:395,18,0,0
BRDA:395,18,1,0
BRDA:411,19,0,0
BRDA:411,19,1,0
BRDA:429,20,0,0
BRDA:429,20,1,0
BRDA:431,21,0,0
BRDA:431,21,1,0
BRDA:444,22,0,0
BRDA:444,22,1,0
BRDA:458,23,0,0
BRDA:458,23,1,0
BRF:48
BRH:0
end_of_record
TN:
SF:src/test-realtime-sync-fix.js
FN:7,(anonymous_0)
FN:11,(anonymous_1)
FN:39,(anonymous_2)
FN:72,(anonymous_3)
FN:131,(anonymous_4)
FN:198,(anonymous_5)
FN:216,(anonymous_6)
FN:259,(anonymous_7)
FN:281,(anonymous_8)
FN:325,(anonymous_9)
FN:332,(anonymous_10)
FN:346,(anonymous_11)
FN:399,(anonymous_12)
FN:406,(anonymous_13)
FN:413,(anonymous_14)
FN:422,(anonymous_15)
FN:439,(anonymous_16)
FNF:17
FNH:0
FNDA:0,(anonymous_0)
FNDA:0,(anonymous_1)
FNDA:0,(anonymous_2)
FNDA:0,(anonymous_3)
FNDA:0,(anonymous_4)
FNDA:0,(anonymous_5)
FNDA:0,(anonymous_6)
FNDA:0,(anonymous_7)
FNDA:0,(anonymous_8)
FNDA:0,(anonymous_9)
FNDA:0,(anonymous_10)
FNDA:0,(anonymous_11)
FNDA:0,(anonymous_12)
FNDA:0,(anonymous_13)
FNDA:0,(anonymous_14)
FNDA:0,(anonymous_15)
FNDA:0,(anonymous_16)
DA:8,0
DA:12,0
DA:14,0
DA:22,0
DA:23,0
DA:24,0
DA:25,0
DA:26,0
DA:27,0
DA:29,0
DA:30,0
DA:34,0
DA:35,0
DA:40,0
DA:42,0
DA:44,0
DA:47,0
DA:52,0
DA:54,0
DA:61,0
DA:73,0
DA:75,0
DA:76,0
DA:78,0
DA:81,0
DA:87,0
DA:91,0
DA:92,0
DA:99,0
DA:103,0
DA:104,0
DA:112,0
DA:113,0
DA:120,0
DA:121,0
DA:127,0
DA:132,0
DA:134,0
DA:135,0
DA:137,0
DA:140,0
DA:145,0
DA:146,0
DA:147,0
DA:154,0
DA:156,0
DA:158,0
DA:166,0
DA:167,0
DA:174,0
DA:175,0
DA:176,0
DA:181,0
DA:188,0
DA:194,0
DA:199,0
DA:201,0
DA:203,0
DA:206,0
DA:207,0
DA:215,0
DA:216,0
DA:217,0
DA:218,0
DA:221,0
DA:222,0
DA:227,0
DA:228,0
DA:229,0
DA:234,0
DA:241,0
DA:242,0
DA:243,0
DA:244,0
DA:246,0
DA:253,0
DA:255,0
DA:260,0
DA:262,0
DA:263,0
DA:265,0
DA:266,0
DA:272,0
DA:273,0
DA:276,0
DA:277,0
DA:278,0
DA:281,0
DA:285,0
DA:308,0
DA:309,0
DA:316,0
DA:317,0
DA:324,0
DA:325,0
DA:328,0
DA:329,0
DA:332,0
DA:336,0
DA:342,0
DA:347,0
DA:348,0
DA:350,0
DA:351,0
DA:352,0
DA:355,0
DA:356,0
DA:357,0
DA:358,0
DA:359,0
DA:360,0
DA:365,0
DA:366,0
DA:367,0
DA:368,0
DA:369,0
DA:370,0
DA:375,0
DA:376,0
DA:377,0
DA:378,0
DA:380,0
DA:385,0
DA:386,0
DA:387,0
DA:388,0
DA:390,0
DA:395,0
DA:396,0
DA:397,0
DA:399,0
DA:402,0
DA:403,0
DA:404,0
DA:406,0
DA:409,0
DA:410,0
DA:411,0
DA:413,0
DA:417,0
DA:418,0
DA:419,0
DA:420,0
DA:422,0
DA:423,0
DA:425,0
DA:428,0
DA:429,0
DA:430,0
DA:431,0
DA:432,0
DA:434,0
DA:439,0
DA:445,0
DA:447,0
LF:155
LH:0
BRDA:145,0,0,0
BRDA:145,0,1,0
BRDA:178,1,0,0
BRDA:178,1,1,0
BRDA:265,2,0,0
BRDA:265,2,1,0
BRDA:356,3,0,0
BRDA:356,3,1,0
BRDA:357,4,0,0
BRDA:357,4,1,0
BRDA:359,5,0,0
BRDA:359,5,1,0
BRDA:366,6,0,0
BRDA:366,6,1,0
BRDA:367,7,0,0
BRDA:367,7,1,0
BRDA:369,8,0,0
BRDA:369,8,1,0
BRDA:376,9,0,0
BRDA:376,9,1,0
BRDA:376,10,0,0
BRDA:376,10,1,0
BRDA:377,11,0,0
BRDA:377,11,1,0
BRDA:386,12,0,0
BRDA:386,12,1,0
BRDA:387,13,0,0
BRDA:387,13,1,0
BRDA:396,14,0,0
BRDA:396,14,1,0
BRDA:403,15,0,0
BRDA:403,15,1,0
BRDA:410,16,0,0
BRDA:410,16,1,0
BRDA:418,17,0,0
BRDA:418,17,1,0
BRDA:422,18,0,0
BRDA:422,18,1,0
BRF:38
BRH:0
end_of_record
TN:
SF:src/test-simplified-cloud.js
FN:7,(anonymous_0)
FN:11,(anonymous_1)
FN:33,(anonymous_2)
FN:70,(anonymous_3)
FN:123,(anonymous_4)
FN:155,(anonymous_5)
FN:190,(anonymous_6)
FN:242,(anonymous_7)
FN:293,(anonymous_8)
FN:300,(anonymous_9)
FN:307,(anonymous_10)
FNF:11
FNH:0
FNDA:0,(anonymous_0)
FNDA:0,(anonymous_1)
FNDA:0,(anonymous_2)
FNDA:0,(anonymous_3)
FNDA:0,(anonymous_4)
FNDA:0,(anonymous_5)
FNDA:0,(anonymous_6)
FNDA:0,(anonymous_7)
FNDA:0,(anonymous_8)
FNDA:0,(anonymous_9)
FNDA:0,(anonymous_10)
DA:8,0
DA:12,0
DA:15,0
DA:18,0
DA:21,0
DA:24,0
DA:27,0
DA:29,0
DA:30,0
DA:34,0
DA:36,0
DA:37,0
DA:40,0
DA:42,0
DA:52,0
DA:53,0
DA:54,0
DA:55,0
DA:57,0
DA:60,0
DA:62,0
DA:66,0
DA:71,0
DA:73,0
DA:74,0
DA:75,0
DA:77,0
DA:83,0
DA:85,0
DA:86,0
DA:88,0
DA:89,0
DA:90,0
DA:92,0
DA:93,0
DA:94,0
DA:97,0
DA:101,0
DA:102,0
DA:103,0
DA:104,0
DA:105,0
DA:107,0
DA:110,0
DA:113,0
DA:115,0
DA:119,0
DA:124,0
DA:126,0
DA:127,0
DA:129,0
DA:136,0
DA:137,0
DA:138,0
DA:141,0
DA:142,0
DA:143,0
DA:145,0
DA:147,0
DA:151,0
DA:156,0
DA:158,0
DA:159,0
DA:161,0
DA:170,0
DA:171,0
DA:172,0
DA:173,0
DA:174,0
DA:176,0
DA:180,0
DA:182,0
DA:186,0
DA:191,0
DA:193,0
DA:194,0
DA:195,0
DA:197,0
DA:202,0
DA:204,0
DA:206,0
DA:207,0
DA:208,0
DA:210,0
DA:218,0
DA:219,0
DA:220,0
DA:222,0
DA:229,0
DA:232,0
DA:234,0
DA:238,0
DA:243,0
DA:244,0
DA:246,0
DA:247,0
DA:248,0
DA:251,0
DA:252,0
DA:253,0
DA:255,0
DA:256,0
DA:258,0
DA:259,0
DA:260,0
DA:261,0
DA:264,0
DA:268,0
DA:269,0
DA:270,0
DA:272,0
DA:273,0
DA:274,0
DA:275,0
DA:280,0
DA:281,0
DA:282,0
DA:284,0
DA:289,0
DA:290,0
DA:291,0
DA:293,0
DA:296,0
DA:297,0
DA:298,0
DA:300,0
DA:303,0
DA:304,0
DA:305,0
DA:307,0
DA:311,0
DA:312,0
DA:313,0
DA:314,0
DA:315,0
DA:318,0
DA:319,0
DA:320,0
DA:321,0
DA:324,0
DA:335,0
DA:337,0
LF:142
LH:0
BRDA:85,0,0,0
BRDA:85,0,1,0
BRDA:92,1,0,0
BRDA:92,1,1,0
BRDA:105,2,0,0
BRDA:105,2,1,0
BRDA:170,3,0,0
BRDA:170,3,1,0
BRDA:174,4,0,0
BRDA:174,4,1,0
BRDA:204,5,0,0
BRDA:204,5,1,0
BRDA:251,6,0,0
BRDA:251,6,1,0
BRDA:252,7,0,0
BRDA:252,7,1,0
BRDA:255,8,0,0
BRDA:255,8,1,0
BRDA:258,9,0,0
BRDA:258,9,1,0
BRDA:260,10,0,0
BRDA:260,10,1,0
BRDA:268,11,0,0
BRDA:268,11,1,0
BRDA:269,12,0,0
BRDA:269,12,1,0
BRDA:272,13,0,0
BRDA:272,13,1,0
BRDA:274,14,0,0
BRDA:274,14,1,0
BRDA:280,15,0,0
BRDA:280,15,1,0
BRDA:281,16,0,0
BRDA:281,16,1,0
BRDA:290,17,0,0
BRDA:290,17,1,0
BRDA:297,18,0,0
BRDA:297,18,1,0
BRDA:304,19,0,0
BRDA:304,19,1,0
BRDA:312,20,0,0
BRDA:312,20,1,0
BRDA:318,21,0,0
BRDA:318,21,1,0
BRDA:329,22,0,0
BRDA:329,22,1,0
BRF:46
BRH:0
end_of_record
TN:
SF:src/test-storage-integration.js
FN:7,(anonymous_0)
FN:11,(anonymous_1)
FN:40,(anonymous_2)
FN:81,(anonymous_3)
FN:105,(anonymous_4)
FN:132,(anonymous_5)
FN:196,(anonymous_6)
FN:278,(anonymous_7)
FN:286,(anonymous_8)
FN:316,(anonymous_9)
FN:356,(anonymous_10)
FN:388,(anonymous_11)
FN:393,(anonymous_12)
FN:405,(anonymous_13)
FNF:14
FNH:0
FNDA:0,(anonymous_0)
FNDA:0,(anonymous_1)
FNDA:0,(anonymous_2)
FNDA:0,(anonymous_3)
FNDA:0,(anonymous_4)
FNDA:0,(anonymous_5)
FNDA:0,(anonymous_6)
FNDA:0,(anonymous_7)
FNDA:0,(anonymous_8)
FNDA:0,(anonymous_9)
FNDA:0,(anonymous_10)
FNDA:0,(anonymous_11)
FNDA:0,(anonymous_12)
FNDA:0,(anonymous_13)
DA:8,0
DA:12,0
DA:14,0
DA:23,0
DA:24,0
DA:25,0
DA:26,0
DA:27,0
DA:28,0
DA:30,0
DA:31,0
DA:35,0
DA:36,0
DA:41,0
DA:43,0
DA:45,0
DA:47,0
DA:48,0
DA:51,0
DA:59,0
DA:60,0
DA:61,0
DA:65,0
DA:66,0
DA:69,0
DA:70,0
DA:74,0
DA:77,0
DA:82,0
DA:84,0
DA:86,0
DA:87,0
DA:88,0
DA:91,0
DA:92,0
DA:94,0
DA:95,0
DA:98,0
DA:99,0
DA:100,0
DA:105,0
DA:108,0
DA:109,0
DA:110,0
DA:111,0
DA:117,0
DA:122,0
DA:125,0
DA:128,0
DA:133,0
DA:135,0
DA:137,0
DA:138,0
DA:139,0
DA:142,0
DA:143,0
DA:145,0
DA:146,0
DA:149,0
DA:150,0
DA:153,0
DA:154,0
DA:155,0
DA:156,0
DA:158,0
DA:163,0
DA:164,0
DA:170,0
DA:171,0
DA:172,0
DA:173,0
DA:179,0
DA:182,0
DA:186,0
DA:189,0
DA:192,0
DA:197,0
DA:200,0
DA:220,0
DA:222,0
DA:223,0
DA:225,0
DA:228,0
DA:229,0
DA:230,0
DA:231,0
DA:237,0
DA:238,0
DA:239,0
DA:240,0
DA:246,0
DA:251,0
DA:252,0
DA:253,0
DA:254,0
DA:259,0
DA:264,0
DA:267,0
DA:271,0
DA:274,0
DA:279,0
DA:281,0
DA:283,0
DA:286,0
DA:289,0
DA:290,0
DA:291,0
DA:293,0
DA:294,0
DA:296,0
DA:303,0
DA:306,0
DA:309,0
DA:312,0
DA:317,0
DA:319,0
DA:320,0
DA:321,0
DA:324,0
DA:325,0
DA:326,0
DA:328,0
DA:334,0
DA:335,0
DA:336,0
DA:338,0
DA:344,0
DA:347,0
DA:350,0
DA:353,0
DA:357,0
DA:358,0
DA:360,0
DA:361,0
DA:363,0
DA:364,0
DA:365,0
DA:368,0
DA:369,0
DA:372,0
DA:373,0
DA:377,0
DA:378,0
DA:382,0
DA:384,0
DA:385,0
DA:387,0
DA:388,0
DA:391,0
DA:392,0
DA:393,0
DA:396,0
DA:397,0
DA:398,0
DA:399,0
DA:401,0
DA:405,0
DA:411,0
DA:413,0
LF:159
LH:0
BRDA:65,0,0,0
BRDA:65,0,1,0
BRDA:66,1,0,0
BRDA:66,1,1,0
BRDA:69,2,0,0
BRDA:69,2,1,0
BRDA:86,3,0,0
BRDA:86,3,1,0
BRDA:108,4,0,0
BRDA:108,4,1,0
BRDA:113,5,0,0
BRDA:113,5,1,0
BRDA:114,6,0,0
BRDA:114,6,1,0
BRDA:137,7,0,0
BRDA:137,7,1,0
BRDA:153,8,0,0
BRDA:153,8,1,0
BRDA:170,9,0,0
BRDA:170,9,1,0
BRDA:175,10,0,0
BRDA:175,10,1,0
BRDA:176,11,0,0
BRDA:176,11,1,0
BRDA:228,12,0,0
BRDA:228,12,1,0
BRDA:237,13,0,0
BRDA:237,13,1,0
BRDA:242,14,0,0
BRDA:242,14,1,0
BRDA:251,15,0,0
BRDA:251,15,1,0
BRDA:289,16,0,0
BRDA:289,16,1,0
BRDA:321,17,0,0
BRDA:321,17,1,0
BRDA:364,18,0,0
BRDA:364,18,1,0
BRDA:368,19,0,0
BRDA:368,19,1,0
BRDA:368,20,0,0
BRDA:368,20,1,0
BRDA:368,20,2,0
BRDA:372,21,0,0
BRDA:372,21,1,0
BRDA:372,22,0,0
BRDA:372,22,1,0
BRDA:384,23,0,0
BRDA:384,23,1,0
BRDA:391,24,0,0
BRDA:391,24,1,0
BRF:51
BRH:0
end_of_record
TN:
SF:src/test-storage-mode-init-fix.js
FN:7,(anonymous_0)
FN:12,(anonymous_1)
FN:40,(anonymous_2)
FN:112,(anonymous_3)
FN:201,(anonymous_4)
FN:247,(anonymous_5)
FN:328,(anonymous_6)
FN:356,(anonymous_7)
FN:389,(anonymous_8)
FN:429,(anonymous_9)
FN:436,(anonymous_10)
FN:440,(anonymous_11)
FN:444,(anonymous_12)
FN:471,(anonymous_13)
FNF:14
FNH:0
FNDA:0,(anonymous_0)
FNDA:0,(anonymous_1)
FNDA:0,(anonymous_2)
FNDA:0,(anonymous_3)
FNDA:0,(anonymous_4)
FNDA:0,(anonymous_5)
FNDA:0,(anonymous_6)
FNDA:0,(anonymous_7)
FNDA:0,(anonymous_8)
FNDA:0,(anonymous_9)
FNDA:0,(anonymous_10)
FNDA:0,(anonymous_11)
FNDA:0,(anonymous_12)
FNDA:0,(anonymous_13)
DA:8,0
DA:9,0
DA:13,0
DA:15,0
DA:23,0
DA:24,0
DA:25,0
DA:26,0
DA:27,0
DA:28,0
DA:30,0
DA:31,0
DA:35,0
DA:36,0
DA:41,0
DA:43,0
DA:45,0
DA:47,0
DA:48,0
DA:51,0
DA:54,0
DA:56,0
DA:63,0
DA:64,0
DA:70,0
DA:71,0
DA:72,0
DA:78,0
DA:85,0
DA:86,0
DA:87,0
DA:93,0
DA:100,0
DA:101,0
DA:105,0
DA:108,0
DA:113,0
DA:115,0
DA:118,0
DA:120,0
DA:122,0
DA:123,0
DA:125,0
DA:128,0
DA:129,0
DA:131,0
DA:138,0
DA:144,0
DA:145,0
DA:147,0
DA:154,0
DA:160,0
DA:161,0
DA:162,0
DA:169,0
DA:174,0
DA:180,0
DA:187,0
DA:188,0
DA:191,0
DA:194,0
DA:197,0
DA:202,0
DA:204,0
DA:206,0
DA:207,0
DA:210,0
DA:211,0
DA:217,0
DA:218,0
DA:221,0
DA:222,0
DA:229,0
DA:230,0
DA:235,0
DA:240,0
DA:243,0
DA:248,0
DA:250,0
DA:252,0
DA:254,0
DA:255,0
DA:258,0
DA:259,0
DA:261,0
DA:267,0
DA:268,0
DA:270,0
DA:276,0
DA:277,0
DA:283,0
DA:284,0
DA:286,0
DA:292,0
DA:293,0
DA:299,0
DA:300,0
DA:306,0
DA:315,0
DA:316,0
DA:320,0
DA:321,0
DA:324,0
DA:329,0
DA:331,0
DA:333,0
DA:335,0
DA:346,0
DA:356,0
DA:361,0
DA:369,0
DA:375,0
DA:381,0
DA:382,0
DA:385,0
DA:390,0
DA:391,0
DA:393,0
DA:394,0
DA:395,0
DA:398,0
DA:399,0
DA:400,0
DA:401,0
DA:405,0
DA:406,0
DA:407,0
DA:408,0
DA:412,0
DA:413,0
DA:414,0
DA:415,0
DA:420,0
DA:421,0
DA:422,0
DA:423,0
DA:425,0
DA:426,0
DA:427,0
DA:429,0
DA:432,0
DA:433,0
DA:434,0
DA:436,0
DA:439,0
DA:440,0
DA:442,0
DA:443,0
DA:444,0
DA:445,0
DA:446,0
DA:447,0
DA:448,0
DA:450,0
DA:451,0
DA:452,0
DA:453,0
DA:454,0
DA:456,0
DA:459,0
DA:472,0
DA:474,0
DA:476,0
DA:477,0
DA:480,0
DA:481,0
DA:483,0
DA:486,0
DA:488,0
DA:489,0
DA:492,0
DA:493,0
DA:499,0
DA:501,0
LF:174
LH:0
BRDA:74,0,0,0
BRDA:74,0,1,0
BRDA:100,1,0,0
BRDA:100,1,1,0
BRDA:187,2,0,0
BRDA:187,2,1,0
BRDA:236,3,0,0
BRDA:236,3,1,0
BRDA:307,4,0,0
BRDA:307,4,1,0
BRDA:307,4,2,0
BRDA:307,4,3,0
BRDA:307,4,4,0
BRDA:307,4,5,0
BRDA:315,5,0,0
BRDA:315,5,1,0
BRDA:364,6,0,0
BRDA:364,6,1,0
BRDA:376,7,0,0
BRDA:376,7,1,0
BRDA:376,7,2,0
BRDA:398,8,0,0
BRDA:398,8,1,0
BRDA:400,9,0,0
BRDA:400,9,1,0
BRDA:405,10,0,0
BRDA:405,10,1,0
BRDA:407,11,0,0
BRDA:407,11,1,0
BRDA:412,12,0,0
BRDA:412,12,1,0
BRDA:414,13,0,0
BRDA:414,13,1,0
BRDA:426,14,0,0
BRDA:426,14,1,0
BRDA:433,15,0,0
BRDA:433,15,1,0
BRDA:451,16,0,0
BRDA:451,16,1,0
BRDA:453,17,0,0
BRDA:453,17,1,0
BRDA:486,18,0,0
BRDA:486,18,1,0
BRDA:488,19,0,0
BRDA:488,19,1,0
BRF:45
BRH:0
end_of_record
TN:
SF:src/test-storage-mode-init.js
FN:7,(anonymous_0)
FN:12,(anonymous_1)
FN:40,(anonymous_2)
FN:101,(anonymous_3)
FN:192,(anonymous_4)
FN:268,(anonymous_5)
FN:313,(anonymous_6)
FN:376,(anonymous_7)
FN:402,(anonymous_8)
FN:406,(anonymous_9)
FN:425,(anonymous_10)
FN:430,(anonymous_11)
FN:454,(anonymous_12)
FNF:13
FNH:0
FNDA:0,(anonymous_0)
FNDA:0,(anonymous_1)
FNDA:0,(anonymous_2)
FNDA:0,(anonymous_3)
FNDA:0,(anonymous_4)
FNDA:0,(anonymous_5)
FNDA:0,(anonymous_6)
FNDA:0,(anonymous_7)
FNDA:0,(anonymous_8)
FNDA:0,(anonymous_9)
FNDA:0,(anonymous_10)
FNDA:0,(anonymous_11)
FNDA:0,(anonymous_12)
DA:8,0
DA:9,0
DA:13,0
DA:15,0
DA:23,0
DA:24,0
DA:25,0
DA:26,0
DA:27,0
DA:28,0
DA:30,0
DA:31,0
DA:35,0
DA:36,0
DA:41,0
DA:43,0
DA:46,0
DA:47,0
DA:54,0
DA:55,0
DA:56,0
DA:58,0
DA:65,0
DA:69,0
DA:70,0
DA:71,0
DA:73,0
DA:80,0
DA:84,0
DA:85,0
DA:86,0
DA:88,0
DA:94,0
DA:97,0
DA:102,0
DA:104,0
DA:107,0
DA:108,0
DA:114,0
DA:115,0
DA:116,0
DA:117,0
DA:118,0
DA:120,0
DA:125,0
DA:126,0
DA:127,0
DA:129,0
DA:135,0
DA:139,0
DA:146,0
DA:148,0
DA:149,0
DA:151,0
DA:153,0
DA:154,0
DA:156,0
DA:160,0
DA:163,0
DA:165,0
DA:167,0
DA:175,0
DA:180,0
DA:181,0
DA:183,0
DA:188,0
DA:193,0
DA:195,0
DA:198,0
DA:199,0
DA:201,0
DA:203,0
DA:210,0
DA:211,0
DA:213,0
DA:221,0
DA:222,0
DA:224,0
DA:231,0
DA:232,0
DA:233,0
DA:234,0
DA:241,0
DA:250,0
DA:259,0
DA:260,0
DA:264,0
DA:269,0
DA:271,0
DA:274,0
DA:281,0
DA:292,0
DA:302,0
DA:309,0
DA:314,0
DA:316,0
DA:319,0
DA:343,0
DA:372,0
DA:377,0
DA:378,0
DA:380,0
DA:381,0
DA:384,0
DA:385,0
DA:386,0
DA:387,0
DA:388,0
DA:393,0
DA:394,0
DA:395,0
DA:396,0
DA:398,0
DA:399,0
DA:400,0
DA:402,0
DA:405,0
DA:406,0
DA:408,0
DA:409,0
DA:410,0
DA:411,0
DA:412,0
DA:414,0
DA:415,0
DA:416,0
DA:417,0
DA:418,0
DA:420,0
DA:425,0
DA:431,0
DA:433,0
DA:435,0
DA:437,0
DA:438,0
DA:439,0
DA:440,0
DA:442,0
DA:449,0
DA:455,0
DA:461,0
DA:462,0
DA:467,0
DA:469,0
LF:144
LH:0
BRDA:46,0,0,0
BRDA:46,0,1,0
BRDA:49,1,0,0
BRDA:49,1,1,0
BRDA:50,2,0,0
BRDA:50,2,1,0
BRDA:114,3,0,0
BRDA:114,3,1,0
BRDA:153,4,0,0
BRDA:153,4,1,0
BRDA:180,5,0,0
BRDA:180,5,1,0
BRDA:227,6,0,0
BRDA:227,6,1,0
BRDA:231,7,0,0
BRDA:231,7,1,0
BRDA:237,8,0,0
BRDA:237,8,1,0
BRDA:259,9,0,0
BRDA:259,9,1,0
BRDA:384,10,0,0
BRDA:384,10,1,0
BRDA:386,11,0,0
BRDA:386,11,1,0
BRDA:399,12,0,0
BRDA:399,12,1,0
BRF:26
BRH:0
end_of_record
TN:
SF:src/test-sync-diagnosis.js
FN:7,(anonymous_0)
FN:11,(anonymous_1)
FN:30,(anonymous_2)
FN:63,(anonymous_3)
FN:102,(anonymous_4)
FN:143,(anonymous_5)
FN:204,(anonymous_6)
FN:245,(anonymous_7)
FN:252,(anonymous_8)
FN:259,(anonymous_9)
FN:264,(anonymous_10)
FN:282,(anonymous_11)
FNF:12
FNH:0
FNDA:0,(anonymous_0)
FNDA:0,(anonymous_1)
FNDA:0,(anonymous_2)
FNDA:0,(anonymous_3)
FNDA:0,(anonymous_4)
FNDA:0,(anonymous_5)
FNDA:0,(anonymous_6)
FNDA:0,(anonymous_7)
FNDA:0,(anonymous_8)
FNDA:0,(anonymous_9)
FNDA:0,(anonymous_10)
FNDA:0,(anonymous_11)
DA:8,0
DA:12,0
DA:15,0
DA:18,0
DA:21,0
DA:24,0
DA:26,0
DA:27,0
DA:31,0
DA:33,0
DA:34,0
DA:36,0
DA:45,0
DA:46,0
DA:47,0
DA:48,0
DA:50,0
DA:51,0
DA:55,0
DA:59,0
DA:64,0
DA:66,0
DA:67,0
DA:69,0
DA:79,0
DA:80,0
DA:81,0
DA:82,0
DA:84,0
DA:85,0
DA:88,0
DA:89,0
DA:92,0
DA:94,0
DA:98,0
DA:103,0
DA:105,0
DA:106,0
DA:108,0
DA:114,0
DA:115,0
DA:116,0
DA:117,0
DA:118,0
DA:119,0
DA:122,0
DA:123,0
DA:124,0
DA:126,0
DA:130,0
DA:133,0
DA:135,0
DA:139,0
DA:144,0
DA:146,0
DA:147,0
DA:149,0
DA:156,0
DA:159,0
DA:160,0
DA:161,0
DA:162,0
DA:168,0
DA:175,0
DA:176,0
DA:177,0
DA:178,0
DA:185,0
DA:192,0
DA:194,0
DA:196,0
DA:200,0
DA:205,0
DA:206,0
DA:208,0
DA:209,0
DA:210,0
DA:213,0
DA:214,0
DA:215,0
DA:216,0
DA:217,0
DA:221,0
DA:222,0
DA:223,0
DA:224,0
DA:228,0
DA:229,0
DA:230,0
DA:231,0
DA:235,0
DA:236,0
DA:237,0
DA:241,0
DA:242,0
DA:243,0
DA:245,0
DA:248,0
DA:249,0
DA:250,0
DA:252,0
DA:255,0
DA:256,0
DA:257,0
DA:259,0
DA:263,0
DA:264,0
DA:265,0
DA:266,0
DA:267,0
DA:268,0
DA:269,0
DA:272,0
DA:273,0
DA:274,0
DA:277,0
DA:282,0
DA:288,0
DA:290,0
LF:119
LH:0
BRDA:80,0,0,0
BRDA:80,0,1,0
BRDA:156,1,0,0
BRDA:156,1,1,0
BRDA:213,2,0,0
BRDA:213,2,1,0
BRDA:215,3,0,0
BRDA:215,3,1,0
BRDA:221,4,0,0
BRDA:221,4,1,0
BRDA:223,5,0,0
BRDA:223,5,1,0
BRDA:228,6,0,0
BRDA:228,6,1,0
BRDA:230,7,0,0
BRDA:230,7,1,0
BRDA:235,8,0,0
BRDA:235,8,1,0
BRDA:242,9,0,0
BRDA:242,9,1,0
BRDA:249,10,0,0
BRDA:249,10,1,0
BRDA:256,11,0,0
BRDA:256,11,1,0
BRDA:264,12,0,0
BRDA:264,12,1,0
BRDA:272,13,0,0
BRDA:272,13,1,0
BRF:28
BRH:0
end_of_record
TN:
SF:src/__tests__/hooks/useCloudSync.test.js
FN:25,(anonymous_0)
FN:37,(anonymous_1)
FN:41,(anonymous_2)
FN:50,(anonymous_3)
FN:51,(anonymous_4)
FN:56,(anonymous_5)
FN:59,(anonymous_6)
FN:63,(anonymous_7)
FN:70,(anonymous_8)
FN:71,(anonymous_9)
FN:83,(anonymous_10)
FN:84,(anonymous_11)
FN:85,(anonymous_12)
FN:86,(anonymous_13)
FN:87,(anonymous_14)
FN:88,(anonymous_15)
FN:89,(anonymous_16)
FN:90,(anonymous_17)
FN:91,(anonymous_18)
FN:92,(anonymous_19)
FN:93,(anonymous_20)
FN:94,(anonymous_21)
FN:108,(anonymous_22)
FN:109,(anonymous_23)
FN:116,(anonymous_24)
FN:119,(anonymous_25)
FN:125,(anonymous_26)
FN:130,(anonymous_27)
FN:131,(anonymous_28)
FN:134,(anonymous_29)
FN:138,(anonymous_30)
FN:139,(anonymous_31)
FN:146,(anonymous_32)
FN:152,(anonymous_33)
FN:157,(anonymous_34)
FN:163,(anonymous_35)
FN:166,(anonymous_36)
FN:167,(anonymous_37)
FN:174,(anonymous_38)
FN:175,(anonymous_39)
FN:183,(anonymous_40)
FN:184,(anonymous_41)
FN:191,(anonymous_42)
FN:192,(anonymous_43)
FN:198,(anonymous_44)
FN:199,(anonymous_45)
FN:210,(anonymous_46)
FN:218,(anonymous_47)
FN:219,(anonymous_48)
FN:226,(anonymous_49)
FN:234,(anonymous_50)
FN:235,(anonymous_51)
FN:239,(anonymous_52)
FN:246,(anonymous_53)
FN:247,(anonymous_54)
FN:251,(anonymous_55)
FN:257,(anonymous_56)
FN:264,(anonymous_57)
FN:265,(anonymous_58)
FN:269,(anonymous_59)
FN:277,(anonymous_60)
FN:278,(anonymous_61)
FN:283,(anonymous_62)
FN:291,(anonymous_63)
FN:292,(anonymous_64)
FN:296,(anonymous_65)
FN:303,(anonymous_66)
FN:304,(anonymous_67)
FN:309,(anonymous_68)
FN:317,(anonymous_69)
FN:318,(anonymous_70)
FN:328,(anonymous_71)
FN:336,(anonymous_72)
FN:337,(anonymous_73)
FN:344,(anonymous_74)
FN:346,(anonymous_75)
FN:357,(anonymous_76)
FN:362,(anonymous_77)
FN:373,(anonymous_78)
FN:374,(anonymous_79)
FN:381,(anonymous_80)
FN:382,(anonymous_81)
FN:408,(anonymous_82)
FN:409,(anonymous_83)
FN:415,(anonymous_84)
FN:418,(anonymous_85)
FN:419,(anonymous_86)
FN:423,(anonymous_87)
FN:433,(anonymous_88)
FN:438,(anonymous_89)
FN:447,(anonymous_90)
FN:453,(anonymous_91)
FN:458,(anonymous_92)
FN:459,(anonymous_93)
FN:468,(anonymous_94)
FN:469,(anonymous_95)
FN:476,(anonymous_96)
FN:479,(anonymous_97)
FN:481,(anonymous_98)
FN:484,(anonymous_99)
FN:493,(anonymous_100)
FNF:101
FNH:0
FNDA:0,(anonymous_0)
FNDA:0,(anonymous_1)
FNDA:0,(anonymous_2)
FNDA:0,(anonymous_3)
FNDA:0,(anonymous_4)
FNDA:0,(anonymous_5)
FNDA:0,(anonymous_6)
FNDA:0,(anonymous_7)
FNDA:0,(anonymous_8)
FNDA:0,(anonymous_9)
FNDA:0,(anonymous_10)
FNDA:0,(anonymous_11)
FNDA:0,(anonymous_12)
FNDA:0,(anonymous_13)
FNDA:0,(anonymous_14)
FNDA:0,(anonymous_15)
FNDA:0,(anonymous_16)
FNDA:0,(anonymous_17)
FNDA:0,(anonymous_18)
FNDA:0,(anonymous_19)
FNDA:0,(anonymous_20)
FNDA:0,(anonymous_21)
FNDA:0,(anonymous_22)
FNDA:0,(anonymous_23)
FNDA:0,(anonymous_24)
FNDA:0,(anonymous_25)
FNDA:0,(anonymous_26)
FNDA:0,(anonymous_27)
FNDA:0,(anonymous_28)
FNDA:0,(anonymous_29)
FNDA:0,(anonymous_30)
FNDA:0,(anonymous_31)
FNDA:0,(anonymous_32)
FNDA:0,(anonymous_33)
FNDA:0,(anonymous_34)
FNDA:0,(anonymous_35)
FNDA:0,(anonymous_36)
FNDA:0,(anonymous_37)
FNDA:0,(anonymous_38)
FNDA:0,(anonymous_39)
FNDA:0,(anonymous_40)
FNDA:0,(anonymous_41)
FNDA:0,(anonymous_42)
FNDA:0,(anonymous_43)
FNDA:0,(anonymous_44)
FNDA:0,(anonymous_45)
FNDA:0,(anonymous_46)
FNDA:0,(anonymous_47)
FNDA:0,(anonymous_48)
FNDA:0,(anonymous_49)
FNDA:0,(anonymous_50)
FNDA:0,(anonymous_51)
FNDA:0,(anonymous_52)
FNDA:0,(anonymous_53)
FNDA:0,(anonymous_54)
FNDA:0,(anonymous_55)
FNDA:0,(anonymous_56)
FNDA:0,(anonymous_57)
FNDA:0,(anonymous_58)
FNDA:0,(anonymous_59)
FNDA:0,(anonymous_60)
FNDA:0,(anonymous_61)
FNDA:0,(anonymous_62)
FNDA:0,(anonymous_63)
FNDA:0,(anonymous_64)
FNDA:0,(anonymous_65)
FNDA:0,(anonymous_66)
FNDA:0,(anonymous_67)
FNDA:0,(anonymous_68)
FNDA:0,(anonymous_69)
FNDA:0,(anonymous_70)
FNDA:0,(anonymous_71)
FNDA:0,(anonymous_72)
FNDA:0,(anonymous_73)
FNDA:0,(anonymous_74)
FNDA:0,(anonymous_75)
FNDA:0,(anonymous_76)
FNDA:0,(anonymous_77)
FNDA:0,(anonymous_78)
FNDA:0,(anonymous_79)
FNDA:0,(anonymous_80)
FNDA:0,(anonymous_81)
FNDA:0,(anonymous_82)
FNDA:0,(anonymous_83)
FNDA:0,(anonymous_84)
FNDA:0,(anonymous_85)
FNDA:0,(anonymous_86)
FNDA:0,(anonymous_87)
FNDA:0,(anonymous_88)
FNDA:0,(anonymous_89)
FNDA:0,(anonymous_90)
FNDA:0,(anonymous_91)
FNDA:0,(anonymous_92)
FNDA:0,(anonymous_93)
FNDA:0,(anonymous_94)
FNDA:0,(anonymous_95)
FNDA:0,(anonymous_96)
FNDA:0,(anonymous_97)
FNDA:0,(anonymous_98)
FNDA:0,(anonymous_99)
FNDA:0,(anonymous_100)
DA:11,0
DA:25,0
DA:37,0
DA:38,0
DA:42,0
DA:43,0
DA:44,0
DA:48,0
DA:51,0
DA:52,0
DA:53,0
DA:54,0
DA:56,0
DA:57,0
DA:58,0
DA:60,0
DA:61,0
DA:64,0
DA:65,0
DA:70,0
DA:71,0
DA:72,0
DA:73,0
DA:76,0
DA:79,0
DA:83,0
DA:84,0
DA:85,0
DA:86,0
DA:87,0
DA:88,0
DA:89,0
DA:90,0
DA:91,0
DA:92,0
DA:93,0
DA:94,0
DA:101,0
DA:108,0
DA:109,0
DA:110,0
DA:113,0
DA:114,0
DA:116,0
DA:117,0
DA:118,0
DA:119,0
DA:120,0
DA:122,0
DA:125,0
DA:126,0
DA:127,0
DA:130,0
DA:131,0
DA:134,0
DA:135,0
DA:138,0
DA:139,0
DA:141,0
DA:142,0
DA:143,0
DA:146,0
DA:147,0
DA:148,0
DA:150,0
DA:152,0
DA:154,0
DA:157,0
DA:158,0
DA:159,0
DA:161,0
DA:163,0
DA:166,0
DA:167,0
DA:170,0
DA:171,0
DA:174,0
DA:175,0
DA:177,0
DA:178,0
DA:179,0
DA:180,0
DA:183,0
DA:184,0
DA:186,0
DA:187,0
DA:188,0
DA:191,0
DA:192,0
DA:194,0
DA:195,0
DA:198,0
DA:199,0
DA:201,0
DA:208,0
DA:210,0
DA:211,0
DA:212,0
DA:215,0
DA:218,0
DA:219,0
DA:221,0
DA:222,0
DA:224,0
DA:226,0
DA:227,0
DA:228,0
DA:231,0
DA:234,0
DA:235,0
DA:237,0
DA:239,0
DA:240,0
DA:243,0
DA:246,0
DA:247,0
DA:249,0
DA:251,0
DA:252,0
DA:255,0
DA:257,0
DA:258,0
DA:261,0
DA:264,0
DA:265,0
DA:267,0
DA:269,0
DA:270,0
DA:271,0
DA:274,0
DA:277,0
DA:278,0
DA:280,0
DA:281,0
DA:283,0
DA:284,0
DA:285,0
DA:288,0
DA:291,0
DA:292,0
DA:294,0
DA:296,0
DA:297,0
DA:300,0
DA:303,0
DA:304,0
DA:306,0
DA:307,0
DA:309,0
DA:310,0
DA:311,0
DA:314,0
DA:317,0
DA:318,0
DA:320,0
DA:326,0
DA:328,0
DA:329,0
DA:330,0
DA:333,0
DA:336,0
DA:337,0
DA:339,0
DA:341,0
DA:344,0
DA:345,0
DA:346,0
DA:350,0
DA:352,0
DA:354,0
DA:357,0
DA:358,0
DA:359,0
DA:361,0
DA:362,0
DA:366,0
DA:368,0
DA:370,0
DA:373,0
DA:374,0
DA:376,0
DA:377,0
DA:378,0
DA:381,0
DA:382,0
DA:384,0
DA:391,0
DA:393,0
DA:401,0
DA:402,0
DA:403,0
DA:404,0
DA:408,0
DA:409,0
DA:410,0
DA:411,0
DA:412,0
DA:413,0
DA:415,0
DA:418,0
DA:419,0
DA:423,0
DA:424,0
DA:433,0
DA:434,0
DA:438,0
DA:439,0
DA:442,0
DA:443,0
DA:444,0
DA:447,0
DA:448,0
DA:449,0
DA:450,0
DA:452,0
DA:453,0
DA:458,0
DA:459,0
DA:462,0
DA:463,0
DA:466,0
DA:468,0
DA:469,0
DA:472,0
DA:473,0
DA:476,0
DA:479,0
DA:480,0
DA:481,0
DA:484,0
DA:487,0
DA:493,0
DA:494,0
DA:497,0
LF:234
LH:0
BRDA:50,0,0,0
BRDA:57,1,0,0
BRDA:57,1,1,0
BRDA:72,2,0,0
BRDA:72,2,1,0
BRDA:118,3,0,0
BRDA:118,3,1,0
BRDA:120,4,0,0
BRDA:120,4,1,0
BRF:9
BRH:0
end_of_record
TN:
SF:src/__tests__/sync/cloudSync.test.js
FN:22,(anonymous_0)
FN:30,(anonymous_1)
FN:33,(anonymous_2)
FN:37,(anonymous_3)
FN:41,(anonymous_4)
FN:49,(anonymous_5)
FN:62,(anonymous_6)
FN:70,(anonymous_7)
FN:79,(anonymous_8)
FN:82,(anonymous_9)
FN:86,(anonymous_10)
FN:90,(anonymous_11)
FN:96,(anonymous_12)
FN:106,(anonymous_13)
FN:116,(anonymous_14)
FN:130,(anonymous_15)
FN:139,(anonymous_16)
FN:143,(anonymous_17)
FN:148,(anonymous_18)
FN:153,(anonymous_19)
FN:170,(anonymous_20)
FN:178,(anonymous_21)
FN:192,(anonymous_22)
FN:198,(anonymous_23)
FN:205,(anonymous_24)
FN:220,(anonymous_25)
FN:226,(anonymous_26)
FN:229,(anonymous_27)
FN:233,(anonymous_28)
FN:259,(anonymous_29)
FN:281,(anonymous_30)
FN:307,(anonymous_31)
FN:327,(anonymous_32)
FN:331,(anonymous_33)
FN:336,(anonymous_34)
FN:341,(anonymous_35)
FN:350,(anonymous_36)
FN:378,(anonymous_37)
FN:403,(anonymous_38)
FN:416,(anonymous_39)
FN:421,(anonymous_40)
FN:427,(anonymous_41)
FN:433,(anonymous_42)
FN:446,(anonymous_43)
FN:476,(anonymous_44)
FN:509,(anonymous_45)
FN:518,(anonymous_46)
FN:556,(anonymous_47)
FN:557,(anonymous_48)
FN:562,(anonymous_49)
FN:565,(anonymous_50)
FN:598,(anonymous_51)
FN:629,(anonymous_52)
FN:630,(anonymous_53)
FN:654,(anonymous_54)
FN:671,(anonymous_55)
FN:679,(anonymous_56)
FNF:57
FNH:0
FNDA:0,(anonymous_0)
FNDA:0,(anonymous_1)
FNDA:0,(anonymous_2)
FNDA:0,(anonymous_3)
FNDA:0,(anonymous_4)
FNDA:0,(anonymous_5)
FNDA:0,(anonymous_6)
FNDA:0,(anonymous_7)
FNDA:0,(anonymous_8)
FNDA:0,(anonymous_9)
FNDA:0,(anonymous_10)
FNDA:0,(anonymous_11)
FNDA:0,(anonymous_12)
FNDA:0,(anonymous_13)
FNDA:0,(anonymous_14)
FNDA:0,(anonymous_15)
FNDA:0,(anonymous_16)
FNDA:0,(anonymous_17)
FNDA:0,(anonymous_18)
FNDA:0,(anonymous_19)
FNDA:0,(anonymous_20)
FNDA:0,(anonymous_21)
FNDA:0,(anonymous_22)
FNDA:0,(anonymous_23)
FNDA:0,(anonymous_24)
FNDA:0,(anonymous_25)
FNDA:0,(anonymous_26)
FNDA:0,(anonymous_27)
FNDA:0,(anonymous_28)
FNDA:0,(anonymous_29)
FNDA:0,(anonymous_30)
FNDA:0,(anonymous_31)
FNDA:0,(anonymous_32)
FNDA:0,(anonymous_33)
FNDA:0,(anonymous_34)
FNDA:0,(anonymous_35)
FNDA:0,(anonymous_36)
FNDA:0,(anonymous_37)
FNDA:0,(anonymous_38)
FNDA:0,(anonymous_39)
FNDA:0,(anonymous_40)
FNDA:0,(anonymous_41)
FNDA:0,(anonymous_42)
FNDA:0,(anonymous_43)
FNDA:0,(anonymous_44)
FNDA:0,(anonymous_45)
FNDA:0,(anonymous_46)
FNDA:0,(anonymous_47)
FNDA:0,(anonymous_48)
FNDA:0,(anonymous_49)
FNDA:0,(anonymous_50)
FNDA:0,(anonymous_51)
FNDA:0,(anonymous_52)
FNDA:0,(anonymous_53)
FNDA:0,(anonymous_54)
FNDA:0,(anonymous_55)
FNDA:0,(anonymous_56)
DA:7,0
DA:14,0
DA:22,0
DA:23,0
DA:24,0
DA:30,0
DA:33,0
DA:34,0
DA:37,0
DA:38,0
DA:41,0
DA:42,0
DA:43,0
DA:45,0
DA:46,0
DA:49,0
DA:50,0
DA:51,0
DA:53,0
DA:55,0
DA:62,0
DA:63,0
DA:64,0
DA:66,0
DA:67,0
DA:70,0
DA:71,0
DA:72,0
DA:74,0
DA:75,0
DA:79,0
DA:82,0
DA:83,0
DA:86,0
DA:87,0
DA:90,0
DA:91,0
DA:92,0
DA:93,0
DA:96,0
DA:97,0
DA:98,0
DA:100,0
DA:102,0
DA:103,0
DA:106,0
DA:107,0
DA:108,0
DA:110,0
DA:112,0
DA:113,0
DA:116,0
DA:117,0
DA:118,0
DA:120,0
DA:122,0
DA:123,0
DA:125,0
DA:127,0
DA:130,0
DA:131,0
DA:133,0
DA:135,0
DA:139,0
DA:143,0
DA:144,0
DA:145,0
DA:148,0
DA:149,0
DA:150,0
DA:153,0
DA:154,0
DA:162,0
DA:164,0
DA:165,0
DA:168,0
DA:170,0
DA:173,0
DA:175,0
DA:178,0
DA:179,0
DA:188,0
DA:192,0
DA:195,0
DA:198,0
DA:200,0
DA:202,0
DA:205,0
DA:206,0
DA:215,0
DA:217,0
DA:220,0
DA:222,0
DA:226,0
DA:229,0
DA:230,0
DA:233,0
DA:234,0
DA:243,0
DA:252,0
DA:255,0
DA:256,0
DA:259,0
DA:260,0
DA:267,0
DA:274,0
DA:277,0
DA:278,0
DA:281,0
DA:282,0
DA:291,0
DA:300,0
DA:303,0
DA:304,0
DA:307,0
DA:308,0
DA:314,0
DA:320,0
DA:322,0
DA:323,0
DA:327,0
DA:331,0
DA:332,0
DA:333,0
DA:336,0
DA:337,0
DA:338,0
DA:341,0
DA:342,0
DA:343,0
DA:345,0
DA:347,0
DA:350,0
DA:351,0
DA:360,0
DA:369,0
DA:371,0
DA:373,0
DA:374,0
DA:375,0
DA:378,0
DA:379,0
DA:380,0
DA:391,0
DA:393,0
DA:397,0
DA:399,0
DA:400,0
DA:403,0
DA:404,0
DA:405,0
DA:406,0
DA:408,0
DA:410,0
DA:411,0
DA:412,0
DA:416,0
DA:421,0
DA:422,0
DA:423,0
DA:424,0
DA:427,0
DA:428,0
DA:429,0
DA:430,0
DA:433,0
DA:435,0
DA:444,0
DA:446,0
DA:453,0
DA:456,0
DA:457,0
DA:460,0
DA:470,0
DA:472,0
DA:473,0
DA:476,0
DA:478,0
DA:483,0
DA:485,0
DA:494,0
DA:496,0
DA:499,0
DA:504,0
DA:507,0
DA:509,0
DA:513,0
DA:515,0
DA:518,0
DA:520,0
DA:531,0
DA:543,0
DA:546,0
DA:548,0
DA:549,0
DA:552,0
DA:556,0
DA:557,0
DA:558,0
DA:559,0
DA:562,0
DA:563,0
DA:565,0
DA:569,0
DA:570,0
DA:573,0
DA:574,0
DA:582,0
DA:585,0
DA:587,0
DA:588,0
DA:591,0
DA:592,0
DA:594,0
DA:595,0
DA:598,0
DA:599,0
DA:600,0
DA:602,0
DA:605,0
DA:606,0
DA:615,0
DA:618,0
DA:619,0
DA:622,0
DA:624,0
DA:625,0
DA:629,0
DA:630,0
DA:631,0
DA:632,0
DA:634,0
DA:643,0
DA:645,0
DA:648,0
DA:650,0
DA:651,0
DA:654,0
DA:655,0
DA:656,0
DA:658,0
DA:663,0
DA:667,0
DA:668,0
DA:671,0
DA:672,0
DA:675,0
DA:676,0
DA:679,0
DA:680,0
DA:683,0
LF:251
LH:0
BRF:0
BRH:0
end_of_record
TN:
SF:src/core/hooks/useAppInitialization.ts
FN:9,(anonymous_0)
FN:21,(anonymous_1)
FN:22,(anonymous_2)
FN:102,(anonymous_3)
FN:131,(anonymous_4)
FN:138,(anonymous_5)
FN:152,(anonymous_6)
FN:167,(anonymous_7)
FN:184,(anonymous_8)
FN:195,(anonymous_9)
FN:204,(anonymous_10)
FN:212,(anonymous_11)
FN:214,(anonymous_12)
FN:224,(anonymous_13)
FN:226,(anonymous_14)
FNF:15
FNH:0
FNDA:0,(anonymous_0)
FNDA:0,(anonymous_1)
FNDA:0,(anonymous_2)
FNDA:0,(anonymous_3)
FNDA:0,(anonymous_4)
FNDA:0,(anonymous_5)
FNDA:0,(anonymous_6)
FNDA:0,(anonymous_7)
FNDA:0,(anonymous_8)
FNDA:0,(anonymous_9)
FNDA:0,(anonymous_10)
FNDA:0,(anonymous_11)
FNDA:0,(anonymous_12)
FNDA:0,(anonymous_13)
FNDA:0,(anonymous_14)
DA:9,0
DA:10,0
DA:21,0
DA:22,0
DA:23,0
DA:24,0
DA:27,0
DA:28,0
DA:29,0
DA:31,0
DA:38,0
DA:40,0
DA:42,0
DA:44,0
DA:53,0
DA:55,0
DA:57,0
DA:59,0
DA:61,0
DA:72,0
DA:86,0
DA:88,0
DA:89,0
DA:90,0
DA:101,0
DA:102,0
DA:113,0
DA:115,0
DA:127,0
DA:131,0
DA:132,0
DA:133,0
DA:135,0
DA:137,0
DA:138,0
DA:148,0
DA:149,0
DA:150,0
DA:152,0
DA:162,0
DA:167,0
DA:168,0
DA:170,0
DA:172,0
DA:173,0
DA:176,0
DA:177,0
DA:180,0
DA:181,0
DA:184,0
DA:192,0
DA:195,0
DA:202,0
DA:204,0
DA:212,0
DA:213,0
DA:214,0
DA:224,0
DA:225,0
DA:226,0
DA:233,0
LF:61
LH:0
BRDA:38,0,0,0
BRDA:38,0,1,0
BRDA:42,1,0,0
BRDA:42,1,1,0
BRDA:53,2,0,0
BRDA:53,2,1,0
BRDA:59,3,0,0
BRDA:59,3,1,0
BRDA:86,4,0,0
BRDA:86,4,1,0
BRDA:86,5,0,0
BRDA:86,5,1,0
BRDA:135,6,0,0
BRDA:135,6,1,0
BRDA:172,7,0,0
BRDA:172,7,1,0
BRF:16
BRH:0
end_of_record
TN:
SF:src/core/hooks/useAppRender.ts
FN:8,(anonymous_0)
FN:13,(anonymous_1)
FNF:2
FNH:0
FNDA:0,(anonymous_0)
FNDA:0,(anonymous_1)
DA:8,0
DA:9,0
DA:10,0
DA:13,0
DA:15,0
DA:16,0
DA:17,0
DA:19,0
DA:20,0
DA:24,0
DA:25,0
DA:29,0
DA:30,0
DA:37,0
DA:38,0
DA:48,0
DA:49,0
DA:59,0
DA:60,0
DA:64,0
DA:65,0
DA:69,0
DA:70,0
DA:74,0
DA:77,0
DA:80,0
DA:86,0
LF:27
LH:0
BRDA:17,0,0,0
BRDA:17,0,1,0
BRDA:19,1,0,0
BRDA:19,1,1,0
BRDA:24,2,0,0
BRDA:24,2,1,0
BRDA:29,3,0,0
BRDA:29,3,1,0
BRDA:37,4,0,0
BRDA:37,4,1,0
BRDA:48,5,0,0
BRDA:48,5,1,0
BRDA:59,6,0,0
BRDA:59,6,1,0
BRDA:59,7,0,0
BRDA:59,7,1,0
BRDA:64,8,0,0
BRDA:64,8,1,0
BRDA:69,9,0,0
BRDA:69,9,1,0
BRF:20
BRH:0
end_of_record
TN:
SF:src/core/hooks/useKeyboardShortcuts.ts
FN:4,(anonymous_0)
FN:32,(anonymous_1)
FN:33,(anonymous_2)
FN:179,(anonymous_3)
FN:184,(anonymous_4)
FN:194,(anonymous_5)
FN:200,(anonymous_6)
FN:207,(anonymous_7)
FNF:8
FNH:0
FNDA:0,(anonymous_0)
FNDA:0,(anonymous_1)
FNDA:0,(anonymous_2)
FNDA:0,(anonymous_3)
FNDA:0,(anonymous_4)
FNDA:0,(anonymous_5)
FNDA:0,(anonymous_6)
FNDA:0,(anonymous_7)
DA:4,0
DA:32,0
DA:33,0
DA:35,0
DA:46,0
DA:51,0
DA:52,0
DA:53,0
DA:54,0
DA:55,0
DA:56,0
DA:57,0
DA:58,0
DA:59,0
DA:60,0
DA:61,0
DA:62,0
DA:63,0
DA:65,0
DA:69,0
DA:70,0
DA:71,0
DA:72,0
DA:73,0
DA:75,0
DA:76,0
DA:77,0
DA:78,0
DA:82,0
DA:86,0
DA:87,0
DA:91,0
DA:93,0
DA:94,0
DA:95,0
DA:97,0
DA:101,0
DA:102,0
DA:103,0
DA:105,0
DA:106,0
DA:107,0
DA:108,0
DA:111,0
DA:112,0
DA:113,0
DA:114,0
DA:116,0
DA:118,0
DA:121,0
DA:122,0
DA:123,0
DA:127,0
DA:128,0
DA:129,0
DA:131,0
DA:134,0
DA:135,0
DA:136,0
DA:139,0
DA:140,0
DA:141,0
DA:144,0
DA:145,0
DA:146,0
DA:149,0
DA:150,0
DA:151,0
DA:156,0
DA:157,0
DA:159,0
DA:160,0
DA:161,0
DA:164,0
DA:165,0
DA:166,0
DA:168,0
DA:170,0
DA:173,0
DA:174,0
DA:175,0
DA:178,0
DA:179,0
DA:180,0
DA:183,0
DA:184,0
DA:185,0
DA:187,0
DA:191,0
DA:193,0
DA:194,0
DA:195,0
DA:198,0
DA:199,0
DA:200,0
DA:202,0
DA:206,0
DA:207,0
LF:98
LH:0
BRDA:46,0,0,0
BRDA:46,0,1,0
BRDA:46,0,2,0
BRDA:51,1,0,0
BRDA:51,1,1,0
BRDA:54,2,0,0
BRDA:54,2,1,0
BRDA:56,3,0,0
BRDA:56,3,1,0
BRDA:58,4,0,0
BRDA:58,4,1,0
BRDA:60,5,0,0
BRDA:60,5,1,0
BRDA:62,6,0,0
BRDA:62,6,1,0
BRDA:69,7,0,0
BRDA:69,7,1,0
BRDA:70,8,0,0
BRDA:70,8,1,0
BRDA:70,9,0,0
BRDA:70,9,1,0
BRDA:75,10,0,0
BRDA:75,10,1,0
BRDA:75,11,0,0
BRDA:75,11,1,0
BRDA:86,12,0,0
BRDA:86,12,1,0
BRDA:86,13,0,0
BRDA:86,13,1,0
BRDA:86,13,2,0
BRDA:86,13,3,0
BRDA:91,14,0,0
BRDA:91,14,1,0
BRDA:93,15,0,0
BRDA:93,15,1,0
BRDA:93,16,0,0
BRDA:93,16,1,0
BRDA:93,16,2,0
BRDA:101,17,0,0
BRDA:101,17,1,0
BRDA:103,18,0,0
BRDA:103,18,1,0
BRDA:103,18,2,0
BRDA:103,18,3,0
BRDA:103,18,4,0
BRDA:103,18,5,0
BRDA:103,18,6,0
BRDA:103,18,7,0
BRDA:103,18,8,0
BRDA:113,19,0,0
BRDA:113,19,1,0
BRDA:128,20,0,0
BRDA:128,20,1,0
BRDA:156,21,0,0
BRDA:156,21,1,0
BRDA:156,22,0,0
BRDA:156,22,1,0
BRDA:157,23,0,0
BRDA:157,23,1,0
BRDA:157,23,2,0
BRDA:157,23,3,0
BRDA:157,23,4,0
BRDA:165,24,0,0
BRDA:165,24,1,0
BRDA:166,25,0,0
BRDA:166,25,1,0
BRDA:168,26,0,0
BRDA:168,26,1,0
BRDA:174,27,0,0
BRDA:174,27,1,0
BRDA:191,28,0,0
BRDA:191,28,1,0
BRDA:198,29,0,0
BRDA:198,29,1,0
BRF:74
BRH:0
end_of_record
TN:
SF:src/core/hooks/useMindMap.ts
FN:8,(anonymous_0)
FN:16,(anonymous_1)
FN:31,(anonymous_2)
FN:50,(anonymous_3)
FN:98,(anonymous_4)
FN:106,(anonymous_5)
FN:165,(anonymous_6)
FN:196,(anonymous_7)
FNF:8
FNH:0
FNDA:0,(anonymous_0)
FNDA:0,(anonymous_1)
FNDA:0,(anonymous_2)
FNDA:0,(anonymous_3)
FNDA:0,(anonymous_4)
FNDA:0,(anonymous_5)
FNDA:0,(anonymous_6)
FNDA:0,(anonymous_7)
DA:8,0
DA:10,0
DA:13,0
DA:16,0
DA:17,0
DA:18,0
DA:19,0
DA:20,0
DA:25,0
DA:28,0
DA:29,0
DA:31,0
DA:32,0
DA:34,0
DA:35,0
DA:36,0
DA:39,0
DA:40,0
DA:41,0
DA:42,0
DA:43,0
DA:46,0
DA:47,0
DA:50,0
DA:51,0
DA:53,0
DA:54,0
DA:55,0
DA:57,0
DA:59,0
DA:61,0
DA:62,0
DA:64,0
DA:65,0
DA:67,0
DA:68,0
DA:70,0
DA:71,0
DA:74,0
DA:75,0
DA:76,0
DA:81,0
DA:82,0
DA:84,0
DA:87,0
DA:88,0
DA:91,0
DA:93,0
DA:96,0
DA:97,0
DA:98,0
DA:99,0
DA:101,0
DA:104,0
DA:105,0
DA:106,0
DA:107,0
DA:110,0
DA:114,0
DA:115,0
DA:116,0
DA:118,0
DA:123,0
DA:126,0
DA:128,0
DA:166,0
DA:167,0
DA:197,0
LF:68
LH:0
BRDA:8,0,0,0
BRDA:17,1,0,0
BRDA:17,1,1,0
BRDA:17,2,0,0
BRDA:17,2,1,0
BRDA:17,2,2,0
BRDA:34,3,0,0
BRDA:34,3,1,0
BRDA:34,4,0,0
BRDA:34,4,1,0
BRDA:41,5,0,0
BRDA:41,5,1,0
BRDA:51,6,0,0
BRDA:51,6,1,0
BRDA:59,7,0,0
BRDA:59,7,1,0
BRDA:59,7,2,0
BRDA:59,7,3,0
BRDA:61,8,0,0
BRDA:61,8,1,0
BRDA:64,9,0,0
BRDA:64,9,1,0
BRDA:67,10,0,0
BRDA:67,10,1,0
BRDA:70,11,0,0
BRDA:70,11,1,0
BRDA:74,12,0,0
BRDA:74,12,1,0
BRDA:74,13,0,0
BRDA:74,13,1,0
BRDA:81,14,0,0
BRDA:81,14,1,0
BRDA:84,15,0,0
BRDA:84,15,1,0
BRDA:84,15,2,0
BRDA:84,15,3,0
BRDA:91,16,0,0
BRDA:91,16,1,0
BRDA:91,17,0,0
BRDA:91,17,1,0
BRDA:97,18,0,0
BRDA:97,18,1,0
BRDA:97,19,0,0
BRDA:97,19,1,0
BRDA:99,20,0,0
BRDA:99,20,1,0
BRDA:105,21,0,0
BRDA:105,21,1,0
BRDA:105,22,0,0
BRDA:105,22,1,0
BRDA:107,23,0,0
BRDA:107,23,1,0
BRDA:114,24,0,0
BRDA:114,24,1,0
BRDA:196,25,0,0
BRF:55
BRH:0
end_of_record
TN:
SF:src/core/hooks/useOnboarding.ts
FN:5,(anonymous_0)
FN:9,(anonymous_1)
FN:10,(anonymous_2)
FN:45,(anonymous_3)
FN:63,(anonymous_4)
FNF:5
FNH:0
FNDA:0,(anonymous_0)
FNDA:0,(anonymous_1)
FNDA:0,(anonymous_2)
FNDA:0,(anonymous_3)
FNDA:0,(anonymous_4)
DA:5,0
DA:6,0
DA:7,0
DA:9,0
DA:10,0
DA:11,0
DA:12,0
DA:18,0
DA:19,0
DA:20,0
DA:22,0
DA:30,0
DA:31,0
DA:34,0
DA:35,0
DA:37,0
DA:41,0
DA:45,0
DA:46,0
DA:47,0
DA:48,0
DA:53,0
DA:54,0
DA:56,0
DA:58,0
DA:63,0
DA:64,0
DA:67,0
LF:28
LH:0
BRDA:30,0,0,0
BRDA:30,0,1,0
BRDA:30,0,2,0
BRF:3
BRH:0
end_of_record
TN:
SF:src/core/hooks/useUIState.ts
FN:4,(anonymous_0)
FN:27,(anonymous_1)
FN:43,(anonymous_2)
FN:60,(anonymous_3)
FNF:4
FNH:0
FNDA:0,(anonymous_0)
FNDA:0,(anonymous_1)
FNDA:0,(anonymous_2)
FNDA:0,(anonymous_3)
DA:4,0
DA:6,0
DA:7,0
DA:8,0
DA:9,0
DA:10,0
DA:11,0
DA:12,0
DA:13,0
DA:14,0
DA:15,0
DA:16,0
DA:19,0
DA:22,0
DA:23,0
DA:24,0
DA:27,0
DA:28,0
DA:29,0
DA:30,0
DA:31,0
DA:32,0
DA:33,0
DA:34,0
DA:35,0
DA:36,0
DA:37,0
DA:38,0
DA:39,0
DA:43,0
DA:44,0
DA:58,0
DA:59,0
DA:60,0
DA:64,0
LF:35
LH:0
BRDA:59,0,0,0
BRDA:59,0,1,0
BRF:2
BRH:0
end_of_record
TN:
SF:src/core/storage/api.ts
FN:22,(anonymous_0)
FN:28,(anonymous_1)
FN:33,(anonymous_2)
FN:59,(anonymous_3)
FN:64,(anonymous_4)
FN:69,(anonymous_5)
FN:77,(anonymous_6)
FN:85,(anonymous_7)
FN:92,(anonymous_8)
FN:101,(anonymous_9)
FN:107,(anonymous_10)
FN:116,(anonymous_11)
FN:121,(anonymous_12)
FN:133,(anonymous_13)
FN:140,(anonymous_14)
FN:145,(anonymous_15)
FN:148,(anonymous_16)
FN:151,(anonymous_17)
FN:164,(anonymous_18)
FN:180,(anonymous_19)
FN:183,(anonymous_20)
FNF:21
FNH:0
FNDA:0,(anonymous_0)
FNDA:0,(anonymous_1)
FNDA:0,(anonymous_2)
FNDA:0,(anonymous_3)
FNDA:0,(anonymous_4)
FNDA:0,(anonymous_5)
FNDA:0,(anonymous_6)
FNDA:0,(anonymous_7)
FNDA:0,(anonymous_8)
FNDA:0,(anonymous_9)
FNDA:0,(anonymous_10)
FNDA:0,(anonymous_11)
FNDA:0,(anonymous_12)
FNDA:0,(anonymous_13)
FNDA:0,(anonymous_14)
FNDA:0,(anonymous_15)
FNDA:0,(anonymous_16)
FNDA:0,(anonymous_17)
FNDA:0,(anonymous_18)
FNDA:0,(anonymous_19)
FNDA:0,(anonymous_20)
DA:6,0
DA:12,0
DA:13,0
DA:16,0
DA:23,0
DA:24,0
DA:25,0
DA:29,0
DA:30,0
DA:34,0
DA:35,0
DA:40,0
DA:41,0
DA:42,0
DA:45,0
DA:50,0
DA:51,0
DA:52,0
DA:55,0
DA:60,0
DA:65,0
DA:70,0
DA:78,0
DA:86,0
DA:93,0
DA:94,0
DA:95,0
DA:97,0
DA:102,0
DA:103,0
DA:108,0
DA:109,0
DA:110,0
DA:112,0
DA:117,0
DA:122,0
DA:123,0
DA:124,0
DA:126,0
DA:127,0
DA:130,0
DA:134,0
DA:135,0
DA:136,0
DA:138,0
DA:139,0
DA:140,0
DA:144,0
DA:145,0
DA:150,0
DA:151,0
DA:153,0
DA:154,0
DA:156,0
DA:159,0
DA:162,0
DA:163,0
DA:164,0
DA:166,0
DA:167,0
DA:169,0
DA:172,0
DA:173,0
DA:177,0
DA:182,0
DA:183,0
DA:184,0
DA:187,0
DA:188,0
DA:189,0
DA:191,0
DA:195,0
DA:199,0
DA:200,0
LF:74
LH:0
BRDA:6,0,0,0
BRDA:6,0,1,0
BRDA:6,0,2,0
BRDA:7,1,0,0
BRDA:7,1,1,0
BRDA:33,2,0,0
BRDA:40,3,0,0
BRDA:40,3,1,0
BRDA:42,4,0,0
BRDA:42,4,1,0
BRDA:50,5,0,0
BRDA:50,5,1,0
BRDA:95,6,0,0
BRDA:95,6,1,0
BRDA:110,7,0,0
BRDA:110,7,1,0
BRDA:122,8,0,0
BRDA:122,8,1,0
BRDA:134,9,0,0
BRDA:134,9,1,0
BRDA:140,10,0,0
BRDA:140,10,1,0
BRDA:145,11,0,0
BRDA:145,11,1,0
BRDA:153,12,0,0
BRDA:153,12,1,0
BRDA:162,13,0,0
BRDA:162,13,1,0
BRDA:166,14,0,0
BRDA:166,14,1,0
BRDA:187,15,0,0
BRDA:187,15,1,0
BRF:32
BRH:0
end_of_record
TN:
SF:src/core/storage/cloudStorage.ts
FN:9,(anonymous_0)
FN:13,(anonymous_1)
FN:39,(anonymous_2)
FN:57,(anonymous_3)
FN:80,(anonymous_4)
FN:100,(anonymous_5)
FN:108,(anonymous_6)
FN:122,(anonymous_7)
FN:135,(anonymous_8)
FN:147,(anonymous_9)
FN:153,(anonymous_10)
FN:167,(anonymous_11)
FN:172,(anonymous_12)
FN:198,(anonymous_13)
FN:199,(anonymous_14)
FN:252,(anonymous_15)
FN:257,(anonymous_16)
FN:268,(anonymous_17)
FN:273,(anonymous_18)
FN:289,(anonymous_19)
FN:290,(anonymous_20)
FN:317,(anonymous_21)
FN:322,(anonymous_22)
FN:332,(anonymous_23)
FN:337,(anonymous_24)
FN:348,(anonymous_25)
FNF:26
FNH:0
FNDA:0,(anonymous_0)
FNDA:0,(anonymous_1)
FNDA:0,(anonymous_2)
FNDA:0,(anonymous_3)
FNDA:0,(anonymous_4)
FNDA:0,(anonymous_5)
FNDA:0,(anonymous_6)
FNDA:0,(anonymous_7)
FNDA:0,(anonymous_8)
FNDA:0,(anonymous_9)
FNDA:0,(anonymous_10)
FNDA:0,(anonymous_11)
FNDA:0,(anonymous_12)
FNDA:0,(anonymous_13)
FNDA:0,(anonymous_14)
FNDA:0,(anonymous_15)
FNDA:0,(anonymous_16)
FNDA:0,(anonymous_17)
FNDA:0,(anonymous_18)
FNDA:0,(anonymous_19)
FNDA:0,(anonymous_20)
FNDA:0,(anonymous_21)
FNDA:0,(anonymous_22)
FNDA:0,(anonymous_23)
FNDA:0,(anonymous_24)
FNDA:0,(anonymous_25)
DA:6,0
DA:15,0
DA:18,0
DA:19,0
DA:20,0
DA:21,0
DA:22,0
DA:23,0
DA:27,0
DA:31,0
DA:32,0
DA:33,0
DA:34,0
DA:36,0
DA:40,0
DA:43,0
DA:46,0
DA:47,0
DA:48,0
DA:56,0
DA:57,0
DA:58,0
DA:61,0
DA:63,0
DA:65,0
DA:66,0
DA:68,0
DA:72,0
DA:76,0
DA:81,0
DA:84,0
DA:87,0
DA:97,0
DA:103,0
DA:104,0
DA:105,0
DA:107,0
DA:108,0
DA:109,0
DA:112,0
DA:114,0
DA:117,0
DA:118,0
DA:122,0
DA:123,0
DA:126,0
DA:128,0
DA:131,0
DA:132,0
DA:133,0
DA:135,0
DA:136,0
DA:139,0
DA:143,0
DA:148,0
DA:149,0
DA:151,0
DA:153,0
DA:162,0
DA:163,0
DA:168,0
DA:173,0
DA:174,0
DA:177,0
DA:194,0
DA:198,0
DA:199,0
DA:209,0
DA:211,0
DA:212,0
DA:213,0
DA:214,0
DA:215,0
DA:217,0
DA:218,0
DA:223,0
DA:224,0
DA:225,0
DA:228,0
DA:229,0
DA:230,0
DA:233,0
DA:234,0
DA:235,0
DA:238,0
DA:243,0
DA:244,0
DA:247,0
DA:248,0
DA:253,0
DA:258,0
DA:259,0
DA:263,0
DA:264,0
DA:269,0
DA:274,0
DA:277,0
DA:283,0
DA:289,0
DA:290,0
DA:299,0
DA:305,0
DA:312,0
DA:313,0
DA:318,0
DA:323,0
DA:324,0
DA:327,0
DA:328,0
DA:333,0
DA:338,0
DA:339,0
DA:340,0
DA:342,0
DA:343,0
DA:349,0
DA:353,0
LF:117
LH:0
BRDA:6,0,0,0
BRDA:6,0,1,0
BRDA:6,0,2,0
BRDA:18,1,0,0
BRDA:18,1,1,0
BRDA:21,2,0,0
BRDA:21,2,1,0
BRDA:21,3,0,0
BRDA:21,3,1,0
BRDA:32,4,0,0
BRDA:32,4,1,0
BRDA:39,5,0,0
BRDA:46,6,0,0
BRDA:46,6,1,0
BRDA:56,7,0,0
BRDA:56,7,1,0
BRDA:58,8,0,0
BRDA:58,8,1,0
BRDA:63,9,0,0
BRDA:63,9,1,0
BRDA:63,10,0,0
BRDA:63,10,1,0
BRDA:80,11,0,0
BRDA:100,12,0,0
BRDA:100,13,0,0
BRDA:107,14,0,0
BRDA:107,14,1,0
BRDA:109,15,0,0
BRDA:109,15,1,0
BRDA:112,16,0,0
BRDA:112,16,1,0
BRDA:112,17,0,0
BRDA:112,17,1,0
BRDA:112,17,2,0
BRDA:112,17,3,0
BRDA:117,18,0,0
BRDA:117,18,1,0
BRDA:131,19,0,0
BRDA:131,19,1,0
BRDA:131,20,0,0
BRDA:131,20,1,0
BRDA:132,21,0,0
BRDA:132,21,1,0
BRDA:151,22,0,0
BRDA:151,22,1,0
BRDA:155,23,0,0
BRDA:155,23,1,0
BRDA:156,24,0,0
BRDA:156,24,1,0
BRDA:157,25,0,0
BRDA:157,25,1,0
BRDA:158,26,0,0
BRDA:158,26,1,0
BRDA:158,26,2,0
BRDA:180,27,0,0
BRDA:180,27,1,0
BRDA:181,28,0,0
BRDA:181,28,1,0
BRDA:182,29,0,0
BRDA:182,29,1,0
BRDA:182,30,0,0
BRDA:182,30,1,0
BRDA:183,31,0,0
BRDA:183,31,1,0
BRDA:183,32,0,0
BRDA:183,32,1,0
BRDA:183,32,2,0
BRDA:184,33,0,0
BRDA:184,33,1,0
BRDA:184,33,2,0
BRDA:185,34,0,0
BRDA:185,34,1,0
BRDA:185,35,0,0
BRDA:185,35,1,0
BRDA:185,35,2,0
BRDA:186,36,0,0
BRDA:186,36,1,0
BRDA:186,37,0,0
BRDA:186,37,1,0
BRDA:189,38,0,0
BRDA:189,38,1,0
BRDA:197,39,0,0
BRDA:197,39,1,0
BRDA:198,40,0,0
BRDA:198,40,1,0
BRDA:199,41,0,0
BRDA:199,41,1,0
BRDA:203,42,0,0
BRDA:203,42,1,0
BRDA:209,43,0,0
BRDA:209,43,1,0
BRDA:209,44,0,0
BRDA:209,44,1,0
BRDA:211,45,0,0
BRDA:211,45,1,0
BRDA:223,46,0,0
BRDA:223,46,1,0
BRDA:228,47,0,0
BRDA:228,47,1,0
BRDA:233,48,0,0
BRDA:233,48,1,0
BRDA:288,49,0,0
BRDA:288,49,1,0
BRDA:289,50,0,0
BRDA:289,50,1,0
BRDA:290,51,0,0
BRDA:290,51,1,0
BRDA:294,52,0,0
BRDA:294,52,1,0
BRDA:308,53,0,0
BRDA:308,53,1,0
BRF:111
BRH:0
end_of_record
TN:
SF:src/core/storage/cloudSyncAdapter.ts
FN:47,(anonymous_0)
FN:56,(anonymous_1)
FN:58,(anonymous_2)
FN:73,(anonymous_3)
FN:77,(anonymous_4)
FN:85,(anonymous_5)
FN:116,(anonymous_6)
FN:136,(anonymous_7)
FN:137,(anonymous_8)
FN:146,(anonymous_9)
FN:159,(anonymous_10)
FN:178,(anonymous_11)
FN:194,(anonymous_12)
FN:210,(anonymous_13)
FN:228,(anonymous_14)
FN:244,(anonymous_15)
FN:260,(anonymous_16)
FN:276,(anonymous_17)
FN:294,(anonymous_18)
FN:306,(anonymous_19)
FN:340,(anonymous_20)
FN:348,(anonymous_21)
FN:364,(anonymous_22)
FN:398,(anonymous_23)
FN:415,(anonymous_24)
FN:429,(anonymous_25)
FN:435,(anonymous_26)
FN:457,(anonymous_27)
FN:464,(anonymous_28)
FN:473,(anonymous_29)
FN:479,(anonymous_30)
FN:495,(anonymous_31)
FN:505,(anonymous_32)
FN:510,(anonymous_33)
FN:511,(anonymous_34)
FN:517,(anonymous_35)
FN:524,(anonymous_36)
FN:535,(anonymous_37)
FN:541,(anonymous_38)
FN:548,(anonymous_39)
FN:552,(anonymous_40)
FN:555,(anonymous_41)
FN:567,(anonymous_42)
FN:573,(anonymous_43)
FN:581,(anonymous_44)
FN:591,(anonymous_45)
FN:595,(anonymous_46)
FN:599,(anonymous_47)
FN:603,(anonymous_48)
FNF:49
FNH:0
FNDA:0,(anonymous_0)
FNDA:0,(anonymous_1)
FNDA:0,(anonymous_2)
FNDA:0,(anonymous_3)
FNDA:0,(anonymous_4)
FNDA:0,(anonymous_5)
FNDA:0,(anonymous_6)
FNDA:0,(anonymous_7)
FNDA:0,(anonymous_8)
FNDA:0,(anonymous_9)
FNDA:0,(anonymous_10)
FNDA:0,(anonymous_11)
FNDA:0,(anonymous_12)
FNDA:0,(anonymous_13)
FNDA:0,(anonymous_14)
FNDA:0,(anonymous_15)
FNDA:0,(anonymous_16)
FNDA:0,(anonymous_17)
FNDA:0,(anonymous_18)
FNDA:0,(anonymous_19)
FNDA:0,(anonymous_20)
FNDA:0,(anonymous_21)
FNDA:0,(anonymous_22)
FNDA:0,(anonymous_23)
FNDA:0,(anonymous_24)
FNDA:0,(anonymous_25)
FNDA:0,(anonymous_26)
FNDA:0,(anonymous_27)
FNDA:0,(anonymous_28)
FNDA:0,(anonymous_29)
FNDA:0,(anonymous_30)
FNDA:0,(anonymous_31)
FNDA:0,(anonymous_32)
FNDA:0,(anonymous_33)
FNDA:0,(anonymous_34)
FNDA:0,(anonymous_35)
FNDA:0,(anonymous_36)
FNDA:0,(anonymous_37)
FNDA:0,(anonymous_38)
FNDA:0,(anonymous_39)
FNDA:0,(anonymous_40)
FNDA:0,(anonymous_41)
FNDA:0,(anonymous_42)
FNDA:0,(anonymous_43)
FNDA:0,(anonymous_44)
FNDA:0,(anonymous_45)
FNDA:0,(anonymous_46)
FNDA:0,(anonymous_47)
FNDA:0,(anonymous_48)
DA:31,0
DA:32,0
DA:33,0
DA:34,0
DA:35,0
DA:36,0
DA:39,0
DA:48,0
DA:49,0
DA:50,0
DA:58,0
DA:59,0
DA:62,0
DA:63,0
DA:67,0
DA:68,0
DA:73,0
DA:74,0
DA:77,0
DA:78,0
DA:86,0
DA:87,0
DA:90,0
DA:92,0
DA:93,0
DA:94,0
DA:98,0
DA:101,0
DA:103,0
DA:104,0
DA:106,0
DA:108,0
DA:109,0
DA:117,0
DA:118,0
DA:119,0
DA:121,0
DA:122,0
DA:123,0
DA:126,0
DA:128,0
DA:129,0
DA:137,0
DA:138,0
DA:139,0
DA:147,0
DA:149,0
DA:150,0
DA:151,0
DA:152,0
DA:154,0
DA:155,0
DA:160,0
DA:162,0
DA:163,0
DA:166,0
DA:167,0
DA:170,0
DA:171,0
DA:173,0
DA:174,0
DA:179,0
DA:191,0
DA:195,0
DA:207,0
DA:211,0
DA:223,0
DA:229,0
DA:241,0
DA:245,0
DA:257,0
DA:261,0
DA:273,0
DA:277,0
DA:289,0
DA:295,0
DA:296,0
DA:298,0
DA:299,0
DA:302,0
DA:307,0
DA:308,0
DA:310,0
DA:311,0
DA:312,0
DA:314,0
DA:320,0
DA:321,0
DA:324,0
DA:325,0
DA:328,0
DA:329,0
DA:331,0
DA:332,0
DA:335,0
DA:336,0
DA:341,0
DA:342,0
DA:345,0
DA:347,0
DA:348,0
DA:350,0
DA:351,0
DA:352,0
DA:354,0
DA:358,0
DA:365,0
DA:367,0
DA:369,0
DA:370,0
DA:372,0
DA:390,0
DA:391,0
DA:394,0
DA:399,0
DA:401,0
DA:402,0
DA:404,0
DA:405,0
DA:406,0
DA:408,0
DA:409,0
DA:412,0
DA:417,0
DA:418,0
DA:420,0
DA:421,0
DA:423,0
DA:430,0
DA:431,0
DA:436,0
DA:437,0
DA:438,0
DA:441,0
DA:442,0
DA:450,0
DA:451,0
DA:454,0
DA:456,0
DA:457,0
DA:458,0
DA:461,0
DA:465,0
DA:466,0
DA:467,0
DA:468,0
DA:470,0
DA:474,0
DA:475,0
DA:480,0
DA:482,0
DA:483,0
DA:484,0
DA:485,0
DA:486,0
DA:489,0
DA:491,0
DA:496,0
DA:497,0
DA:498,0
DA:499,0
DA:500,0
DA:501,0
DA:507,0
DA:511,0
DA:512,0
DA:513,0
DA:518,0
DA:519,0
DA:521,0
DA:523,0
DA:524,0
DA:525,0
DA:529,0
DA:532,0
DA:536,0
DA:537,0
DA:538,0
DA:542,0
DA:543,0
DA:545,0
DA:549,0
DA:553,0
DA:554,0
DA:555,0
DA:556,0
DA:557,0
DA:559,0
DA:568,0
DA:569,0
DA:571,0
DA:573,0
DA:574,0
DA:575,0
DA:576,0
DA:582,0
DA:592,0
DA:596,0
DA:600,0
DA:604,0
DA:605,0
DA:606,0
DA:607,0
DA:608,0
DA:613,0
LF:205
LH:0
BRDA:48,0,0,0
BRDA:48,0,1,0
BRDA:48,0,2,0
BRDA:59,1,0,0
BRDA:59,1,1,0
BRDA:59,1,2,0
BRDA:59,1,3,0
BRDA:59,1,4,0
BRDA:86,2,0,0
BRDA:86,2,1,0
BRDA:93,3,0,0
BRDA:93,3,1,0
BRDA:119,4,0,0
BRDA:119,4,1,0
BRDA:122,5,0,0
BRDA:122,5,1,0
BRDA:122,6,0,0
BRDA:122,6,1,0
BRDA:129,7,0,0
BRDA:129,7,1,0
BRDA:138,8,0,0
BRDA:138,8,1,0
BRDA:138,9,0,0
BRDA:138,9,1,0
BRDA:138,9,2,0
BRDA:152,10,0,0
BRDA:152,10,1,0
BRDA:166,11,0,0
BRDA:166,11,1,0
BRDA:298,12,0,0
BRDA:298,12,1,0
BRDA:298,13,0,0
BRDA:298,13,1,0
BRDA:320,14,0,0
BRDA:320,14,1,0
BRDA:341,15,0,0
BRDA:341,15,1,0
BRDA:341,16,0,0
BRDA:341,16,1,0
BRDA:369,17,0,0
BRDA:369,17,1,0
BRDA:399,18,0,0
BRDA:399,18,1,0
BRDA:399,19,0,0
BRDA:399,19,1,0
BRDA:405,20,0,0
BRDA:405,20,1,0
BRDA:406,21,0,0
BRDA:406,21,1,0
BRDA:408,22,0,0
BRDA:408,22,1,0
BRDA:409,23,0,0
BRDA:409,23,1,0
BRDA:412,24,0,0
BRDA:412,24,1,0
BRDA:417,25,0,0
BRDA:417,25,1,0
BRDA:418,26,0,0
BRDA:418,26,1,0
BRDA:420,27,0,0
BRDA:420,27,1,0
BRDA:430,28,0,0
BRDA:430,28,1,0
BRDA:437,29,0,0
BRDA:437,29,1,0
BRDA:450,30,0,0
BRDA:450,30,1,0
BRDA:450,31,0,0
BRDA:450,31,1,0
BRDA:456,32,0,0
BRDA:456,32,1,0
BRDA:458,33,0,0
BRDA:458,33,1,0
BRDA:466,34,0,0
BRDA:466,34,1,0
BRDA:468,35,0,0
BRDA:468,35,1,0
BRDA:475,36,0,0
BRDA:475,36,1,0
BRDA:480,37,0,0
BRDA:480,37,1,0
BRDA:480,37,2,0
BRDA:482,38,0,0
BRDA:482,38,1,0
BRDA:482,38,2,0
BRDA:482,38,3,0
BRDA:496,39,0,0
BRDA:496,39,1,0
BRDA:496,39,2,0
BRDA:496,39,3,0
BRDA:496,39,4,0
BRDA:512,40,0,0
BRDA:512,40,1,0
BRDA:521,41,0,0
BRDA:521,41,1,0
BRDA:554,42,0,0
BRDA:554,42,1,0
BRDA:568,43,0,0
BRDA:568,43,1,0
BRDA:575,44,0,0
BRDA:575,44,1,0
BRF:101
BRH:0
end_of_record
TN:
SF:src/core/storage/enhancedStorageAdapter.ts
FN:17,(anonymous_0)
FN:25,(anonymous_1)
FN:27,(anonymous_2)
FN:50,(anonymous_3)
FN:59,(anonymous_4)
FN:67,(anonymous_5)
FN:82,(anonymous_6)
FN:97,(anonymous_7)
FN:103,(anonymous_8)
FN:112,(anonymous_9)
FN:118,(anonymous_10)
FN:127,(anonymous_11)
FN:133,(anonymous_12)
FN:144,(anonymous_13)
FN:150,(anonymous_14)
FN:159,(anonymous_15)
FN:165,(anonymous_16)
FN:174,(anonymous_17)
FN:180,(anonymous_18)
FN:189,(anonymous_19)
FN:195,(anonymous_20)
FN:206,(anonymous_21)
FN:222,(anonymous_22)
FN:251,(anonymous_23)
FN:275,(anonymous_24)
FN:284,(anonymous_25)
FN:314,(anonymous_26)
FN:322,(anonymous_27)
FN:326,(anonymous_28)
FN:332,(anonymous_29)
FN:341,(anonymous_30)
FN:350,(anonymous_31)
FN:358,(anonymous_32)
FN:361,(anonymous_33)
FN:373,(anonymous_34)
FN:377,(anonymous_35)
FN:390,(anonymous_36)
FN:396,(anonymous_37)
FN:409,enhanceStorageAdapter
FNF:39
FNH:0
FNDA:0,(anonymous_0)
FNDA:0,(anonymous_1)
FNDA:0,(anonymous_2)
FNDA:0,(anonymous_3)
FNDA:0,(anonymous_4)
FNDA:0,(anonymous_5)
FNDA:0,(anonymous_6)
FNDA:0,(anonymous_7)
FNDA:0,(anonymous_8)
FNDA:0,(anonymous_9)
FNDA:0,(anonymous_10)
FNDA:0,(anonymous_11)
FNDA:0,(anonymous_12)
FNDA:0,(anonymous_13)
FNDA:0,(anonymous_14)
FNDA:0,(anonymous_15)
FNDA:0,(anonymous_16)
FNDA:0,(anonymous_17)
FNDA:0,(anonymous_18)
FNDA:0,(anonymous_19)
FNDA:0,(anonymous_20)
FNDA:0,(anonymous_21)
FNDA:0,(anonymous_22)
FNDA:0,(anonymous_23)
FNDA:0,(anonymous_24)
FNDA:0,(anonymous_25)
FNDA:0,(anonymous_26)
FNDA:0,(anonymous_27)
FNDA:0,(anonymous_28)
FNDA:0,(anonymous_29)
FNDA:0,(anonymous_30)
FNDA:0,(anonymous_31)
FNDA:0,(anonymous_32)
FNDA:0,(anonymous_33)
FNDA:0,(anonymous_34)
FNDA:0,(anonymous_35)
FNDA:0,(anonymous_36)
FNDA:0,(anonymous_37)
FNDA:0,enhanceStorageAdapter
DA:14,0
DA:15,0
DA:18,0
DA:19,0
DA:27,0
DA:28,0
DA:31,0
DA:32,0
DA:36,0
DA:37,0
DA:42,0
DA:43,0
DA:51,0
DA:52,0
DA:53,0
DA:60,0
DA:61,0
DA:62,0
DA:68,0
DA:69,0
DA:70,0
DA:71,0
DA:72,0
DA:74,0
DA:75,0
DA:79,0
DA:83,0
DA:84,0
DA:85,0
DA:86,0
DA:87,0
DA:89,0
DA:90,0
DA:94,0
DA:99,0
DA:102,0
DA:103,0
DA:104,0
DA:105,0
DA:109,0
DA:114,0
DA:117,0
DA:118,0
DA:119,0
DA:120,0
DA:124,0
DA:129,0
DA:132,0
DA:133,0
DA:134,0
DA:135,0
DA:139,0
DA:146,0
DA:149,0
DA:150,0
DA:151,0
DA:152,0
DA:156,0
DA:161,0
DA:164,0
DA:165,0
DA:166,0
DA:167,0
DA:171,0
DA:176,0
DA:179,0
DA:180,0
DA:181,0
DA:182,0
DA:186,0
DA:191,0
DA:194,0
DA:195,0
DA:196,0
DA:197,0
DA:201,0
DA:207,0
DA:209,0
DA:210,0
DA:212,0
DA:213,0
DA:215,0
DA:216,0
DA:219,0
DA:228,0
DA:230,0
DA:231,0
DA:233,0
DA:234,0
DA:236,0
DA:237,0
DA:239,0
DA:240,0
DA:243,0
DA:252,0
DA:253,0
DA:256,0
DA:257,0
DA:260,0
DA:263,0
DA:265,0
DA:267,0
DA:268,0
DA:276,0
DA:277,0
DA:278,0
DA:280,0
DA:283,0
DA:284,0
DA:286,0
DA:287,0
DA:292,0
DA:293,0
DA:302,0
DA:303,0
DA:304,0
DA:308,0
DA:315,0
DA:323,0
DA:327,0
DA:333,0
DA:334,0
DA:336,0
DA:339,0
DA:340,0
DA:341,0
DA:342,0
DA:343,0
DA:344,0
DA:346,0
DA:350,0
DA:351,0
DA:352,0
DA:353,0
DA:359,0
DA:360,0
DA:361,0
DA:362,0
DA:363,0
DA:365,0
DA:374,0
DA:378,0
DA:381,0
DA:391,0
DA:392,0
DA:397,0
DA:398,0
DA:410,0
LF:148
LH:0
BRDA:28,0,0,0
BRDA:28,0,1,0
BRDA:28,0,2,0
BRDA:28,0,3,0
BRDA:28,0,4,0
BRDA:42,1,0,0
BRDA:42,1,1,0
BRDA:68,2,0,0
BRDA:68,2,1,0
BRDA:83,3,0,0
BRDA:83,3,1,0
BRDA:102,4,0,0
BRDA:102,4,1,0
BRDA:117,5,0,0
BRDA:117,5,1,0
BRDA:132,6,0,0
BRDA:132,6,1,0
BRDA:149,7,0,0
BRDA:149,7,1,0
BRDA:164,8,0,0
BRDA:164,8,1,0
BRDA:179,9,0,0
BRDA:179,9,1,0
BRDA:194,10,0,0
BRDA:194,10,1,0
BRDA:207,11,0,0
BRDA:207,11,1,0
BRDA:207,11,2,0
BRDA:228,12,0,0
BRDA:228,12,1,0
BRDA:228,12,2,0
BRDA:228,12,3,0
BRDA:252,13,0,0
BRDA:252,13,1,0
BRDA:286,14,0,0
BRDA:286,14,1,0
BRDA:292,15,0,0
BRDA:292,15,1,0
BRDA:302,16,0,0
BRDA:302,16,1,0
BRDA:317,17,0,0
BRDA:317,17,1,0
BRDA:323,18,0,0
BRDA:323,18,1,0
BRDA:327,19,0,0
BRDA:327,19,1,0
BRDA:333,20,0,0
BRDA:333,20,1,0
BRDA:339,21,0,0
BRDA:339,21,1,0
BRDA:343,22,0,0
BRDA:343,22,1,0
BRDA:352,23,0,0
BRDA:352,23,1,0
BRDA:360,24,0,0
BRDA:360,24,1,0
BRDA:374,25,0,0
BRDA:374,25,1,0
BRDA:378,26,0,0
BRDA:378,26,1,0
BRDA:391,27,0,0
BRDA:391,27,1,0
BRDA:397,28,0,0
BRDA:397,28,1,0
BRF:64
BRH:0
end_of_record
TN:
SF:src/core/storage/localStorage.ts
FN:6,(anonymous_0)
FN:11,(anonymous_1)
FN:54,(anonymous_2)
FN:58,(anonymous_3)
FN:80,(anonymous_4)
FN:82,(anonymous_5)
FN:103,(anonymous_6)
FN:113,(anonymous_7)
FN:124,(anonymous_8)
FN:126,(anonymous_9)
FN:142,(anonymous_10)
FN:149,(anonymous_11)
FN:162,(anonymous_12)
FN:163,(anonymous_13)
FN:166,(anonymous_14)
FN:182,(anonymous_15)
FN:188,(anonymous_16)
FN:214,(anonymous_17)
FN:218,(anonymous_18)
FN:219,(anonymous_19)
FN:237,(anonymous_20)
FN:249,(anonymous_21)
FN:261,(anonymous_22)
FNF:23
FNH:1
FNDA:25,(anonymous_0)
FNDA:0,(anonymous_1)
FNDA:0,(anonymous_2)
FNDA:0,(anonymous_3)
FNDA:0,(anonymous_4)
FNDA:0,(anonymous_5)
FNDA:0,(anonymous_6)
FNDA:0,(anonymous_7)
FNDA:0,(anonymous_8)
FNDA:0,(anonymous_9)
FNDA:0,(anonymous_10)
FNDA:0,(anonymous_11)
FNDA:0,(anonymous_12)
FNDA:0,(anonymous_13)
FNDA:0,(anonymous_14)
FNDA:0,(anonymous_15)
FNDA:0,(anonymous_16)
FNDA:0,(anonymous_17)
FNDA:0,(anonymous_18)
FNDA:0,(anonymous_19)
FNDA:0,(anonymous_20)
FNDA:0,(anonymous_21)
FNDA:0,(anonymous_22)
DA:6,10
DA:7,25
DA:11,10
DA:12,0
DA:13,0
DA:15,0
DA:16,0
DA:19,0
DA:20,0
DA:29,0
DA:33,0
DA:34,0
DA:36,0
DA:37,0
DA:46,0
DA:48,0
DA:49,0
DA:54,10
DA:55,0
DA:58,0
DA:59,0
DA:60,0
DA:61,0
DA:63,0
DA:64,0
DA:65,0
DA:67,0
DA:71,0
DA:72,0
DA:75,0
DA:76,0
DA:80,10
DA:81,0
DA:82,0
DA:84,0
DA:89,0
DA:90,0
DA:92,0
DA:95,0
DA:96,0
DA:98,0
DA:99,0
DA:103,10
DA:104,0
DA:106,0
DA:108,0
DA:109,0
DA:112,0
DA:113,0
DA:114,0
DA:115,0
DA:119,0
DA:120,0
DA:124,10
DA:125,0
DA:126,0
DA:127,0
DA:129,0
DA:130,0
DA:131,0
DA:132,0
DA:133,0
DA:134,0
DA:137,0
DA:138,0
DA:142,10
DA:143,0
DA:144,0
DA:145,0
DA:149,10
DA:150,0
DA:151,0
DA:153,0
DA:154,0
DA:155,0
DA:156,0
DA:158,0
DA:162,10
DA:163,0
DA:164,0
DA:166,0
DA:167,0
DA:168,0
DA:171,0
DA:172,0
DA:175,0
DA:176,0
DA:178,0
DA:182,0
DA:183,0
DA:188,10
DA:189,0
DA:190,0
DA:191,0
DA:192,0
DA:195,0
DA:196,0
DA:197,0
DA:199,0
DA:206,0
DA:208,0
DA:209,0
DA:214,10
DA:215,0
DA:216,0
DA:218,0
DA:219,0
DA:222,0
DA:224,0
DA:231,0
DA:232,0
DA:237,10
DA:238,0
DA:239,0
DA:240,0
DA:241,0
DA:243,0
DA:244,0
DA:249,10
DA:250,0
DA:251,0
DA:254,0
DA:255,0
DA:258,0
DA:261,0
DA:262,0
DA:263,0
DA:267,0
DA:268,0
DA:270,0
DA:272,0
DA:273,0
DA:278,10
DA:279,10
DA:280,10
LF:135
LH:17
BRDA:6,0,0,0
BRDA:15,1,0,0
BRDA:15,1,1,0
BRDA:19,2,0,0
BRDA:19,2,1,0
BRDA:19,3,0,0
BRDA:19,3,1,0
BRDA:33,4,0,0
BRDA:33,4,1,0
BRDA:36,5,0,0
BRDA:36,5,1,0
BRDA:36,6,0,0
BRDA:36,6,1,0
BRDA:59,7,0,0
BRDA:59,7,1,0
BRDA:59,8,0,0
BRDA:59,8,1,0
BRDA:59,8,2,0
BRDA:63,9,0,0
BRDA:63,9,1,0
BRDA:71,10,0,0
BRDA:71,10,1,0
BRDA:89,11,0,0
BRDA:89,11,1,0
BRDA:106,12,0,0
BRDA:106,12,1,0
BRDA:113,13,0,0
BRDA:113,13,1,0
BRDA:130,14,0,0
BRDA:130,14,1,0
BRDA:130,15,0,0
BRDA:130,15,1,0
BRDA:131,16,0,0
BRDA:131,16,1,0
BRDA:142,17,0,0
BRDA:155,18,0,0
BRDA:155,18,1,0
BRDA:171,19,0,0
BRDA:171,19,1,0
BRDA:171,20,0,0
BRDA:171,20,1,0
BRDA:195,21,0,0
BRDA:195,21,1,0
BRDA:196,22,0,0
BRDA:196,22,1,0
BRDA:197,23,0,0
BRDA:197,23,1,0
BRDA:203,24,0,0
BRDA:203,24,1,0
BRDA:206,25,0,0
BRDA:206,25,1,0
BRDA:206,25,2,0
BRDA:218,26,0,0
BRDA:218,26,1,0
BRDA:218,26,2,0
BRDA:219,27,0,0
BRDA:219,27,1,0
BRDA:219,27,2,0
BRDA:262,28,0,0
BRDA:262,28,1,0
BRDA:262,29,0,0
BRDA:262,29,1,0
BRDA:278,30,0,10
BRDA:278,30,1,0
BRF:64
BRH:1
end_of_record
TN:
SF:src/core/storage/storageAdapter.ts
FN:9,(anonymous_0)
FN:13,(anonymous_1)
FN:18,(anonymous_2)
FN:23,(anonymous_3)
FN:28,(anonymous_4)
FN:33,(anonymous_5)
FN:39,(anonymous_6)
FN:44,(anonymous_7)
FN:49,(anonymous_8)
FN:54,(anonymous_9)
FN:62,(anonymous_10)
FN:66,(anonymous_11)
FN:72,(anonymous_12)
FN:74,(anonymous_13)
FN:82,(anonymous_14)
FN:88,(anonymous_15)
FN:94,(anonymous_16)
FN:101,(anonymous_17)
FN:106,(anonymous_18)
FN:111,(anonymous_19)
FN:116,(anonymous_20)
FN:124,(anonymous_21)
FN:134,(anonymous_22)
FN:148,(anonymous_23)
FN:154,(anonymous_24)
FN:175,(anonymous_25)
FN:210,(anonymous_26)
FN:280,(anonymous_27)
FN:297,(anonymous_28)
FN:313,(anonymous_29)
FN:328,(anonymous_30)
FN:343,(anonymous_31)
FN:359,(anonymous_32)
FN:394,(anonymous_33)
FN:418,(anonymous_34)
FN:439,(anonymous_35)
FN:542,(anonymous_36)
FN:590,(anonymous_37)
FN:616,(anonymous_38)
FN:640,(anonymous_39)
FN:667,(anonymous_40)
FN:709,(anonymous_41)
FN:720,(anonymous_42)
FN:753,getCurrentAdapter
FN:761,reinitializeAdapter
FN:768,(anonymous_45)
FNF:46
FNH:0
FNDA:0,(anonymous_0)
FNDA:0,(anonymous_1)
FNDA:0,(anonymous_2)
FNDA:0,(anonymous_3)
FNDA:0,(anonymous_4)
FNDA:0,(anonymous_5)
FNDA:0,(anonymous_6)
FNDA:0,(anonymous_7)
FNDA:0,(anonymous_8)
FNDA:0,(anonymous_9)
FNDA:0,(anonymous_10)
FNDA:0,(anonymous_11)
FNDA:0,(anonymous_12)
FNDA:0,(anonymous_13)
FNDA:0,(anonymous_14)
FNDA:0,(anonymous_15)
FNDA:0,(anonymous_16)
FNDA:0,(anonymous_17)
FNDA:0,(anonymous_18)
FNDA:0,(anonymous_19)
FNDA:0,(anonymous_20)
FNDA:0,(anonymous_21)
FNDA:0,(anonymous_22)
FNDA:0,(anonymous_23)
FNDA:0,(anonymous_24)
FNDA:0,(anonymous_25)
FNDA:0,(anonymous_26)
FNDA:0,(anonymous_27)
FNDA:0,(anonymous_28)
FNDA:0,(anonymous_29)
FNDA:0,(anonymous_30)
FNDA:0,(anonymous_31)
FNDA:0,(anonymous_32)
FNDA:0,(anonymous_33)
FNDA:0,(anonymous_34)
FNDA:0,(anonymous_35)
FNDA:0,(anonymous_36)
FNDA:0,(anonymous_37)
FNDA:0,(anonymous_38)
FNDA:0,(anonymous_39)
FNDA:0,(anonymous_40)
FNDA:0,(anonymous_41)
FNDA:0,(anonymous_42)
FNDA:0,getCurrentAdapter
FNDA:0,reinitializeAdapter
FNDA:0,(anonymous_45)
DA:10,0
DA:14,0
DA:15,0
DA:19,0
DA:20,0
DA:24,0
DA:25,0
DA:29,0
DA:30,0
DA:34,0
DA:35,0
DA:40,0
DA:41,0
DA:45,0
DA:46,0
DA:50,0
DA:51,0
DA:55,0
DA:56,0
DA:63,0
DA:67,0
DA:68,0
DA:69,0
DA:73,0
DA:74,0
DA:75,0
DA:76,0
DA:78,0
DA:79,0
DA:83,0
DA:84,0
DA:85,0
DA:89,0
DA:90,0
DA:91,0
DA:95,0
DA:96,0
DA:97,0
DA:102,0
DA:103,0
DA:107,0
DA:108,0
DA:112,0
DA:113,0
DA:117,0
DA:118,0
DA:125,0
DA:126,0
DA:127,0
DA:128,0
DA:129,0
DA:130,0
DA:136,0
DA:144,0
DA:145,0
DA:149,0
DA:150,0
DA:156,0
DA:161,0
DA:167,0
DA:172,0
DA:177,0
DA:183,0
DA:184,0
DA:187,0
DA:188,0
DA:190,0
DA:191,0
DA:194,0
DA:200,0
DA:206,0
DA:211,0
DA:213,0
DA:214,0
DA:216,0
DA:221,0
DA:222,0
DA:225,0
DA:227,0
DA:230,0
DA:232,0
DA:233,0
DA:236,0
DA:237,0
DA:238,0
DA:239,0
DA:240,0
DA:241,0
DA:244,0
DA:245,0
DA:246,0
DA:247,0
DA:248,0
DA:249,0
DA:253,0
DA:254,0
DA:255,0
DA:256,0
DA:257,0
DA:258,0
DA:262,0
DA:263,0
DA:268,0
DA:269,0
DA:270,0
DA:271,0
DA:272,0
DA:275,0
DA:276,0
DA:277,0
DA:281,0
DA:282,0
DA:283,0
DA:286,0
DA:287,0
DA:288,0
DA:289,0
DA:292,0
DA:293,0
DA:298,0
DA:299,0
DA:300,0
DA:303,0
DA:304,0
DA:305,0
DA:308,0
DA:309,0
DA:314,0
DA:315,0
DA:316,0
DA:318,0
DA:319,0
DA:320,0
DA:323,0
DA:324,0
DA:329,0
DA:330,0
DA:331,0
DA:333,0
DA:334,0
DA:335,0
DA:338,0
DA:339,0
DA:344,0
DA:345,0
DA:346,0
DA:348,0
DA:349,0
DA:350,0
DA:353,0
DA:354,0
DA:360,0
DA:364,0
DA:365,0
DA:367,0
DA:368,0
DA:370,0
DA:372,0
DA:374,0
DA:381,0
DA:382,0
DA:383,0
DA:386,0
DA:388,0
DA:389,0
DA:395,0
DA:398,0
DA:399,0
DA:400,0
DA:404,0
DA:405,0
DA:406,0
DA:409,0
DA:410,0
DA:412,0
DA:413,0
DA:419,0
DA:426,0
DA:428,0
DA:429,0
DA:431,0
DA:440,0
DA:441,0
DA:442,0
DA:445,0
DA:458,0
DA:459,0
DA:461,0
DA:462,0
DA:464,0
DA:465,0
DA:469,0
DA:470,0
DA:473,0
DA:474,0
DA:475,0
DA:477,0
DA:481,0
DA:488,0
DA:490,0
DA:491,0
DA:498,0
DA:504,0
DA:508,0
DA:509,0
DA:510,0
DA:513,0
DA:514,0
DA:515,0
DA:517,0
DA:518,0
DA:521,0
DA:523,0
DA:524,0
DA:528,0
DA:530,0
DA:537,0
DA:544,0
DA:545,0
DA:547,0
DA:548,0
DA:550,0
DA:557,0
DA:564,0
DA:565,0
DA:566,0
DA:567,0
DA:569,0
DA:572,0
DA:573,0
DA:576,0
DA:580,0
DA:581,0
DA:582,0
DA:587,0
DA:591,0
DA:592,0
DA:593,0
DA:595,0
DA:600,0
DA:601,0
DA:604,0
DA:605,0
DA:612,0
DA:617,0
DA:618,0
DA:619,0
DA:621,0
DA:625,0
DA:626,0
DA:629,0
DA:630,0
DA:636,0
DA:641,0
DA:642,0
DA:643,0
DA:645,0
DA:650,0
DA:651,0
DA:654,0
DA:655,0
DA:662,0
DA:668,0
DA:670,0
DA:672,0
DA:673,0
DA:675,0
DA:676,0
DA:677,0
DA:678,0
DA:682,0
DA:684,0
DA:685,0
DA:687,0
DA:688,0
DA:690,0
DA:691,0
DA:693,0
DA:694,0
DA:697,0
DA:698,0
DA:699,0
DA:703,0
DA:710,0
DA:721,0
DA:724,0
DA:725,0
DA:726,0
DA:729,0
DA:730,0
DA:731,0
DA:734,0
DA:735,0
DA:736,0
DA:738,0
DA:740,0
DA:741,0
DA:744,0
DA:745,0
DA:751,0
DA:754,0
DA:755,0
DA:757,0
DA:762,0
DA:763,0
DA:764,0
DA:768,0
DA:769,0
DA:770,0
DA:771,0
LF:310
LH:0
BRDA:75,0,0,0
BRDA:75,0,1,0
BRDA:139,1,0,0
BRDA:139,1,1,0
BRDA:149,2,0,0
BRDA:149,2,1,0
BRDA:161,3,0,0
BRDA:161,3,1,0
BRDA:161,3,2,0
BRDA:162,4,0,0
BRDA:162,4,1,0
BRDA:162,5,0,0
BRDA:162,5,1,0
BRDA:183,6,0,0
BRDA:183,6,1,0
BRDA:190,7,0,0
BRDA:190,7,1,0
BRDA:197,8,0,0
BRDA:197,8,1,0
BRDA:210,9,0,0
BRDA:210,10,0,0
BRDA:221,11,0,0
BRDA:221,11,1,0
BRDA:221,12,0,0
BRDA:221,12,1,0
BRDA:230,13,0,0
BRDA:230,13,1,0
BRDA:230,14,0,0
BRDA:230,14,1,0
BRDA:236,15,0,0
BRDA:236,15,1,0
BRDA:244,16,0,0
BRDA:244,16,1,0
BRDA:244,17,0,0
BRDA:244,17,1,0
BRDA:253,18,0,0
BRDA:253,18,1,0
BRDA:253,19,0,0
BRDA:253,19,1,0
BRDA:262,20,0,0
BRDA:262,20,1,0
BRDA:262,21,0,0
BRDA:262,21,1,0
BRDA:287,22,0,0
BRDA:287,22,1,0
BRDA:287,23,0,0
BRDA:287,23,1,0
BRDA:367,24,0,0
BRDA:367,24,1,0
BRDA:378,25,0,0
BRDA:378,25,1,0
BRDA:381,26,0,0
BRDA:381,26,1,0
BRDA:381,27,0,0
BRDA:381,27,1,0
BRDA:399,28,0,0
BRDA:399,28,1,0
BRDA:405,29,0,0
BRDA:405,29,1,0
BRDA:405,30,0,0
BRDA:405,30,1,0
BRDA:434,31,0,0
BRDA:434,31,1,0
BRDA:451,32,0,0
BRDA:451,32,1,0
BRDA:453,33,0,0
BRDA:453,33,1,0
BRDA:458,34,0,0
BRDA:458,34,1,0
BRDA:458,35,0,0
BRDA:458,35,1,0
BRDA:461,36,0,0
BRDA:461,36,1,0
BRDA:461,37,0,0
BRDA:461,37,1,0
BRDA:464,38,0,0
BRDA:464,38,1,0
BRDA:464,39,0,0
BRDA:464,39,1,0
BRDA:469,40,0,0
BRDA:469,40,1,0
BRDA:501,41,0,0
BRDA:501,41,1,0
BRDA:508,42,0,0
BRDA:508,42,1,0
BRDA:513,43,0,0
BRDA:513,43,1,0
BRDA:542,44,0,0
BRDA:572,45,0,0
BRDA:572,45,1,0
BRDA:581,46,0,0
BRDA:581,46,1,0
BRDA:668,47,0,0
BRDA:668,47,1,0
BRDA:675,48,0,0
BRDA:675,48,1,0
BRDA:682,49,0,0
BRDA:682,49,1,0
BRDA:682,49,2,0
BRDA:682,49,3,0
BRDA:697,50,0,0
BRDA:697,50,1,0
BRDA:713,51,0,0
BRDA:713,51,1,0
BRDA:724,52,0,0
BRDA:724,52,1,0
BRDA:724,53,0,0
BRDA:724,53,1,0
BRDA:729,54,0,0
BRDA:729,54,1,0
BRDA:734,55,0,0
BRDA:734,55,1,0
BRDA:754,56,0,0
BRDA:754,56,1,0
BRDA:770,57,0,0
BRDA:770,57,1,0
BRDA:770,58,0,0
BRDA:770,58,1,0
BRF:118
BRH:0
end_of_record
TN:
SF:src/core/storage/storageManager.ts
FN:11,(anonymous_0)
FN:35,(anonymous_1)
FN:63,(anonymous_2)
FN:82,(anonymous_3)
FN:127,(anonymous_4)
FN:138,(anonymous_5)
FN:147,(anonymous_6)
FN:159,(anonymous_7)
FN:173,(anonymous_8)
FN:183,(anonymous_9)
FN:185,(anonymous_10)
FN:197,(anonymous_11)
FNF:12
FNH:1
FNDA:0,(anonymous_0)
FNDA:0,(anonymous_1)
FNDA:0,(anonymous_2)
FNDA:0,(anonymous_3)
FNDA:25,(anonymous_4)
FNDA:0,(anonymous_5)
FNDA:0,(anonymous_6)
FNDA:0,(anonymous_7)
FNDA:0,(anonymous_8)
FNDA:0,(anonymous_9)
FNDA:0,(anonymous_10)
FNDA:0,(anonymous_11)
DA:4,10
DA:11,10
DA:12,0
DA:13,0
DA:15,0
DA:16,0
DA:17,0
DA:18,0
DA:19,0
DA:20,0
DA:24,0
DA:27,0
DA:35,10
DA:36,0
DA:37,0
DA:39,0
DA:40,0
DA:47,0
DA:48,0
DA:55,0
DA:63,10
DA:64,0
DA:66,0
DA:67,0
DA:74,0
DA:82,10
DA:83,0
DA:85,0
DA:86,0
DA:87,0
DA:91,0
DA:92,0
DA:94,0
DA:97,0
DA:98,0
DA:99,0
DA:104,0
DA:107,0
DA:108,0
DA:111,0
DA:118,0
DA:119,0
DA:127,10
DA:128,25
DA:129,25
DA:130,25
DA:132,0
DA:133,0
DA:138,10
DA:139,0
DA:140,0
DA:143,0
DA:144,0
DA:146,0
DA:147,0
DA:148,0
DA:149,0
DA:152,0
DA:153,0
DA:154,0
DA:158,0
DA:159,0
DA:160,0
DA:161,0
DA:165,0
DA:168,0
DA:173,10
DA:174,0
DA:175,0
DA:177,0
DA:183,0
DA:185,0
DA:197,10
DA:198,0
DA:200,0
DA:201,0
DA:202,0
DA:203,0
DA:204,0
DA:205,0
DA:208,0
LF:81
LH:12
BRDA:17,0,0,0
BRDA:17,0,1,0
BRDA:35,1,0,0
BRDA:39,2,0,0
BRDA:39,2,1,0
BRDA:47,3,0,0
BRDA:47,3,1,0
BRDA:66,4,0,0
BRDA:66,4,1,0
BRDA:86,5,0,0
BRDA:86,5,1,0
BRDA:92,6,0,0
BRDA:92,6,1,0
BRDA:98,7,0,0
BRDA:98,7,1,0
BRDA:107,8,0,0
BRDA:107,8,1,0
BRDA:114,9,0,0
BRDA:114,9,1,0
BRDA:127,10,0,0
BRDA:130,11,0,0
BRDA:130,11,1,25
BRDA:148,12,0,0
BRDA:148,12,1,0
BRDA:148,12,2,0
BRDA:152,13,0,0
BRDA:152,13,1,0
BRDA:160,14,0,0
BRDA:160,14,1,0
BRDA:160,15,0,0
BRDA:160,15,1,0
BRDA:198,16,0,0
BRDA:198,16,1,0
BRDA:200,17,0,0
BRDA:200,17,1,0
BRDA:202,18,0,0
BRDA:202,18,1,0
BRF:37
BRH:1
end_of_record
TN:
SF:src/core/storage/storageRouter.ts
FN:9,(anonymous_0)
FN:15,(anonymous_1)
FN:20,(anonymous_2)
FN:26,(anonymous_3)
FN:46,(anonymous_4)
FN:55,(anonymous_5)
FN:65,(anonymous_6)
FN:74,(anonymous_7)
FN:84,(anonymous_8)
FN:95,(anonymous_9)
FN:100,(anonymous_10)
FN:109,(anonymous_11)
FN:119,(anonymous_12)
FN:122,(anonymous_13)
FN:125,(anonymous_14)
FN:140,(anonymous_15)
FN:149,(anonymous_16)
FN:164,(anonymous_17)
FNF:18
FNH:0
FNDA:0,(anonymous_0)
FNDA:0,(anonymous_1)
FNDA:0,(anonymous_2)
FNDA:0,(anonymous_3)
FNDA:0,(anonymous_4)
FNDA:0,(anonymous_5)
FNDA:0,(anonymous_6)
FNDA:0,(anonymous_7)
FNDA:0,(anonymous_8)
FNDA:0,(anonymous_9)
FNDA:0,(anonymous_10)
FNDA:0,(anonymous_11)
FNDA:0,(anonymous_12)
FNDA:0,(anonymous_13)
FNDA:0,(anonymous_14)
FNDA:0,(anonymous_15)
FNDA:0,(anonymous_16)
FNDA:0,(anonymous_17)
DA:9,0
DA:10,0
DA:11,0
DA:15,0
DA:16,0
DA:17,0
DA:20,0
DA:21,0
DA:22,0
DA:26,0
DA:27,0
DA:28,0
DA:35,0
DA:36,0
DA:38,0
DA:39,0
DA:42,0
DA:46,0
DA:47,0
DA:48,0
DA:50,0
DA:55,0
DA:56,0
DA:57,0
DA:58,0
DA:60,0
DA:65,0
DA:66,0
DA:67,0
DA:69,0
DA:74,0
DA:75,0
DA:76,0
DA:77,0
DA:79,0
DA:84,0
DA:85,0
DA:86,0
DA:87,0
DA:88,0
DA:90,0
DA:95,0
DA:96,0
DA:97,0
DA:99,0
DA:100,0
DA:101,0
DA:102,0
DA:104,0
DA:109,0
DA:110,0
DA:112,0
DA:114,0
DA:119,0
DA:120,0
DA:122,0
DA:123,0
DA:125,0
DA:126,0
DA:127,0
DA:129,0
DA:130,0
DA:133,0
DA:134,0
DA:136,0
DA:140,0
DA:141,0
DA:144,0
DA:149,0
DA:150,0
DA:152,0
DA:153,0
DA:156,0
DA:158,0
DA:159,0
DA:164,0
DA:165,0
DA:166,0
DA:173,0
DA:174,0
LF:80
LH:0
BRDA:11,0,0,0
BRDA:11,0,1,0
BRDA:38,1,0,0
BRDA:38,1,1,0
BRDA:47,2,0,0
BRDA:47,2,1,0
BRDA:56,3,0,0
BRDA:56,3,1,0
BRDA:66,4,0,0
BRDA:66,4,1,0
BRDA:75,5,0,0
BRDA:75,5,1,0
BRDA:84,6,0,0
BRDA:85,7,0,0
BRDA:85,7,1,0
BRDA:96,8,0,0
BRDA:96,8,1,0
BRDA:101,9,0,0
BRDA:101,9,1,0
BRDA:110,10,0,0
BRDA:110,10,1,0
BRDA:120,11,0,0
BRDA:120,11,1,0
BRDA:129,12,0,0
BRDA:129,12,1,0
BRDA:129,13,0,0
BRDA:129,13,1,0
BRDA:152,14,0,0
BRDA:152,14,1,0
BRF:29
BRH:0
end_of_record
TN:
SF:src/core/storage/storageUtils.ts
FN:26,(anonymous_0)
FN:38,(anonymous_1)
FNF:2
FNH:1
FNDA:25,(anonymous_0)
FNDA:0,(anonymous_1)
DA:11,10
DA:14,10
DA:26,10
DA:27,25
DA:38,10
DA:39,0
LF:6
LH:5
BRF:0
BRH:0
end_of_record
TN:
SF:src/core/sync/realtimeSync.ts
FN:23,(anonymous_0)
FN:31,(anonymous_1)
FN:36,(anonymous_2)
FN:50,(anonymous_3)
FN:63,(anonymous_4)
FN:71,(anonymous_5)
FN:88,(anonymous_6)
FN:100,(anonymous_7)
FN:122,(anonymous_8)
FN:156,(anonymous_9)
FN:160,(anonymous_10)
FN:183,(anonymous_11)
FN:203,(anonymous_12)
FN:205,(anonymous_13)
FN:213,(anonymous_14)
FN:221,(anonymous_15)
FN:232,(anonymous_16)
FN:235,(anonymous_17)
FN:247,(anonymous_18)
FN:260,(anonymous_19)
FN:268,(anonymous_20)
FNF:21
FNH:14
FNDA:12,(anonymous_0)
FNDA:12,(anonymous_1)
FNDA:2,(anonymous_2)
FNDA:3,(anonymous_3)
FNDA:0,(anonymous_4)
FNDA:2,(anonymous_5)
FNDA:3,(anonymous_6)
FNDA:9,(anonymous_7)
FNDA:0,(anonymous_8)
FNDA:1,(anonymous_9)
FNDA:0,(anonymous_10)
FNDA:0,(anonymous_11)
FNDA:1,(anonymous_12)
FNDA:0,(anonymous_13)
FNDA:19,(anonymous_14)
FNDA:18,(anonymous_15)
FNDA:1,(anonymous_16)
FNDA:0,(anonymous_17)
FNDA:0,(anonymous_18)
FNDA:6,(anonymous_19)
FNDA:6,(anonymous_20)
DA:16,12
DA:17,12
DA:18,12
DA:19,12
DA:20,12
DA:21,12
DA:25,12
DA:32,12
DA:33,12
DA:34,12
DA:36,2
DA:37,2
DA:40,10
DA:43,0
DA:51,3
DA:52,0
DA:53,0
DA:56,3
DA:57,3
DA:60,3
DA:63,3
DA:64,0
DA:72,2
DA:73,1
DA:76,1
DA:77,1
DA:79,1
DA:80,1
DA:81,1
DA:89,3
DA:91,3
DA:92,0
DA:93,0
DA:101,9
DA:102,6
DA:105,3
DA:106,3
DA:109,3
DA:110,2
DA:111,2
DA:115,1
DA:118,1
DA:121,1
DA:122,0
DA:123,0
DA:128,1
DA:131,1
DA:134,0
DA:137,0
DA:138,0
DA:141,0
DA:157,1
DA:158,1
DA:160,1
DA:161,0
DA:163,0
DA:165,0
DA:167,0
DA:172,0
DA:174,0
DA:183,1
DA:184,0
DA:185,0
DA:193,1
DA:194,0
DA:197,1
DA:204,1
DA:205,1
DA:206,0
DA:214,19
DA:215,4
DA:218,19
DA:221,19
DA:222,18
DA:223,18
DA:224,18
DA:233,1
DA:234,1
DA:235,1
DA:236,0
DA:237,0
DA:239,0
DA:245,1
DA:246,1
DA:247,0
DA:248,0
DA:249,0
DA:251,0
DA:261,6
DA:262,6
DA:269,6
DA:279,12
DA:282,12
DA:283,12
LF:94
LH:65
BRDA:34,0,0,2
BRDA:34,0,1,10
BRDA:34,1,0,12
BRDA:34,1,1,2
BRDA:51,2,0,0
BRDA:51,2,1,3
BRDA:72,3,0,1
BRDA:72,3,1,1
BRDA:79,4,0,1
BRDA:79,4,1,0
BRDA:91,5,0,0
BRDA:91,5,1,3
BRDA:101,6,0,6
BRDA:101,6,1,3
BRDA:109,7,0,2
BRDA:109,7,1,1
BRDA:121,8,0,0
BRDA:121,8,1,1
BRDA:137,9,0,0
BRDA:137,9,1,0
BRDA:145,10,0,0
BRDA:145,10,1,0
BRDA:165,11,0,0
BRDA:165,11,1,0
BRDA:172,12,0,0
BRDA:172,12,1,0
BRDA:184,13,0,0
BRDA:184,13,1,0
BRDA:193,14,0,0
BRDA:193,14,1,1
BRDA:214,15,0,4
BRDA:214,15,1,15
BRDA:223,16,0,18
BRDA:223,16,1,0
BRDA:234,17,0,1
BRDA:234,17,1,0
BRDA:246,18,0,0
BRDA:246,18,1,1
BRDA:282,19,0,12
BRDA:282,19,1,0
BRF:40
BRH:21
end_of_record
TN:
SF:src/features/auth/authManager.ts
FN:9,(anonymous_0)
FN:19,(anonymous_1)
FN:32,(anonymous_2)
FN:52,(anonymous_3)
FN:66,(anonymous_4)
FN:73,(anonymous_5)
FN:86,(anonymous_6)
FN:91,(anonymous_7)
FN:96,(anonymous_8)
FN:101,(anonymous_9)
FN:106,(anonymous_10)
FN:137,(anonymous_11)
FN:175,(anonymous_12)
FN:193,(anonymous_13)
FN:224,(anonymous_14)
FN:232,(anonymous_15)
FN:243,(anonymous_16)
FN:250,(anonymous_17)
FN:280,(anonymous_18)
FN:281,(anonymous_19)
FN:298,(anonymous_20)
FNF:21
FNH:0
FNDA:0,(anonymous_0)
FNDA:0,(anonymous_1)
FNDA:0,(anonymous_2)
FNDA:0,(anonymous_3)
FNDA:0,(anonymous_4)
FNDA:0,(anonymous_5)
FNDA:0,(anonymous_6)
FNDA:0,(anonymous_7)
FNDA:0,(anonymous_8)
FNDA:0,(anonymous_9)
FNDA:0,(anonymous_10)
FNDA:0,(anonymous_11)
FNDA:0,(anonymous_12)
FNDA:0,(anonymous_13)
FNDA:0,(anonymous_14)
FNDA:0,(anonymous_15)
FNDA:0,(anonymous_16)
FNDA:0,(anonymous_17)
FNDA:0,(anonymous_18)
FNDA:0,(anonymous_19)
FNDA:0,(anonymous_20)
DA:5,0
DA:6,0
DA:10,0
DA:11,0
DA:12,0
DA:14,0
DA:15,0
DA:20,0
DA:21,0
DA:22,0
DA:24,0
DA:26,0
DA:27,0
DA:28,0
DA:29,0
DA:32,0
DA:33,0
DA:34,0
DA:35,0
DA:36,0
DA:38,0
DA:42,0
DA:46,0
DA:47,0
DA:53,0
DA:54,0
DA:59,0
DA:61,0
DA:67,0
DA:68,0
DA:69,0
DA:74,0
DA:75,0
DA:76,0
DA:78,0
DA:79,0
DA:81,0
DA:87,0
DA:92,0
DA:97,0
DA:102,0
DA:107,0
DA:108,0
DA:116,0
DA:118,0
DA:120,0
DA:121,0
DA:124,0
DA:131,0
DA:132,0
DA:138,0
DA:139,0
DA:147,0
DA:149,0
DA:150,0
DA:154,0
DA:155,0
DA:156,0
DA:159,0
DA:160,0
DA:161,0
DA:162,0
DA:164,0
DA:167,0
DA:169,0
DA:170,0
DA:176,0
DA:177,0
DA:178,0
DA:180,0
DA:181,0
DA:185,0
DA:187,0
DA:188,0
DA:194,0
DA:195,0
DA:198,0
DA:200,0
DA:206,0
DA:208,0
DA:209,0
DA:212,0
DA:213,0
DA:214,0
DA:216,0
DA:218,0
DA:219,0
DA:225,0
DA:226,0
DA:227,0
DA:228,0
DA:234,0
DA:236,0
DA:239,0
DA:244,0
DA:251,0
DA:253,0
DA:254,0
DA:262,0
DA:264,0
DA:265,0
DA:266,0
DA:269,0
DA:270,0
DA:271,0
DA:273,0
DA:274,0
DA:275,0
DA:281,0
DA:282,0
DA:284,0
DA:285,0
DA:287,0
DA:288,0
DA:291,0
DA:292,0
DA:299,0
DA:300,0
DA:301,0
DA:304,0
DA:312,0
DA:315,0
DA:316,0
DA:317,0
DA:319,0
DA:320,0
DA:323,0
DA:324,0
DA:328,0
DA:333,0
LF:130
LH:0
BRDA:12,0,0,0
BRDA:12,0,1,0
BRDA:12,0,2,0
BRDA:22,1,0,0
BRDA:22,1,1,0
BRDA:24,2,0,0
BRDA:24,2,1,0
BRDA:24,3,0,0
BRDA:24,3,1,0
BRDA:27,4,0,0
BRDA:27,4,1,0
BRDA:27,5,0,0
BRDA:27,5,1,0
BRDA:76,6,0,0
BRDA:76,6,1,0
BRDA:87,7,0,0
BRDA:87,7,1,0
BRDA:97,8,0,0
BRDA:97,8,1,0
BRDA:120,9,0,0
BRDA:120,9,1,0
BRDA:121,10,0,0
BRDA:121,10,1,0
BRDA:149,11,0,0
BRDA:149,11,1,0
BRDA:150,12,0,0
BRDA:150,12,1,0
BRDA:180,13,0,0
BRDA:180,13,1,0
BRDA:181,14,0,0
BRDA:181,14,1,0
BRDA:194,15,0,0
BRDA:194,15,1,0
BRDA:208,16,0,0
BRDA:208,16,1,0
BRDA:209,17,0,0
BRDA:209,17,1,0
BRDA:234,18,0,0
BRDA:234,18,1,0
BRDA:234,19,0,0
BRDA:234,19,1,0
BRDA:251,20,0,0
BRDA:251,20,1,0
BRDA:264,21,0,0
BRDA:264,21,1,0
BRDA:282,22,0,0
BRDA:282,22,1,0
BRDA:285,23,0,0
BRDA:285,23,1,0
BRDA:291,24,0,0
[...]
DA:223,0
DA:226,0
DA:227,0
DA:228,0
DA:240,0
DA:242,0
DA:252,0
DA:255,0
DA:265,0
DA:266,0
DA:267,0
DA:270,0
DA:273,0
DA:275,0
DA:276,0
DA:278,0
DA:279,0
DA:281,0
DA:282,0
DA:284,0
DA:285,0
DA:287,0
DA:291,0
DA:292,0
DA:293,0
DA:297,0
DA:298,0
DA:299,0
DA:301,0
DA:303,0
DA:317,0
DA:327,0
DA:335,0
DA:345,0
DA:348,0
DA:356,0
DA:357,0
DA:360,0
DA:361,0
DA:362,0
DA:372,0
DA:373,0
DA:375,0
DA:394,0
DA:403,0
DA:411,0
DA:412,0
DA:414,0
DA:423,0
DA:433,0
DA:441,0
DA:442,0
DA:443,0
DA:445,0
DA:455,0
DA:456,0
DA:457,0
DA:458,0
DA:459,0
DA:462,0
DA:469,0
DA:470,0
DA:471,0
LF:123
LH:0
BRDA:53,0,0,0
BRDA:61,1,0,0
BRDA:61,1,1,0
BRDA:64,2,0,0
BRDA:64,2,1,0
BRDA:85,3,0,0
BRDA:85,3,1,0
BRDA:131,4,0,0
BRDA:131,4,1,0
BRDA:131,5,0,0
BRDA:131,5,1,0
BRDA:139,6,0,0
BRDA:139,6,1,0
BRDA:139,7,0,0
BRDA:139,7,1,0
BRDA:169,8,0,0
BRDA:169,8,1,0
BRDA:197,9,0,0
BRDA:197,9,1,0
BRDA:208,10,0,0
BRDA:208,10,1,0
BRDA:227,11,0,0
BRDA:227,11,1,0
BRDA:266,12,0,0
BRDA:266,12,1,0
BRDA:273,13,0,0
BRDA:273,13,1,0
BRDA:273,13,2,0
BRDA:273,13,3,0
BRDA:273,13,4,0
BRDA:291,14,0,0
BRDA:291,14,1,0
BRDA:317,15,0,0
BRDA:317,15,1,0
BRDA:372,16,0,0
BRDA:372,16,1,0
BRDA:381,17,0,0
BRDA:381,17,1,0
BRDA:403,18,0,0
BRDA:403,18,1,0
BRDA:411,19,0,0
BRDA:411,19,1,0
BRDA:441,20,0,0
BRDA:441,20,1,0
BRDA:441,21,0,0
BRDA:441,21,1,0
BRDA:443,22,0,0
BRDA:443,22,1,0
BRDA:443,23,0,0
BRDA:443,23,1,0
BRDA:455,24,0,0
BRDA:455,24,1,0
BRDA:458,25,0,0
BRDA:458,25,1,0
BRF:54
BRH:0
end_of_record
TN:
SF:src/utils/MessageManager.js
FN:6,(anonymous_0)
FN:23,(anonymous_1)
FN:41,(anonymous_2)
FN:42,(anonymous_3)
FN:54,(anonymous_4)
FN:100,(anonymous_5)
FN:123,(anonymous_6)
FN:141,(anonymous_7)
FN:155,(anonymous_8)
FN:174,(anonymous_9)
FN:175,(anonymous_10)
FN:176,(anonymous_11)
FN:182,(anonymous_12)
FN:187,(anonymous_13)
FN:200,(anonymous_14)
FN:238,(anonymous_15)
FN:253,(anonymous_16)
FN:265,(anonymous_17)
FN:280,(anonymous_18)
FN:288,(anonymous_19)
FN:296,(anonymous_20)
FN:307,(anonymous_21)
FN:315,(anonymous_22)
FN:323,(anonymous_23)
FN:334,(anonymous_24)
FN:345,(anonymous_25)
FN:354,(anonymous_26)
FN:363,(anonymous_27)
FN:373,(anonymous_28)
FN:384,(anonymous_29)
FN:396,(anonymous_30)
FN:408,(anonymous_31)
FN:430,(anonymous_32)
FN:444,(anonymous_33)
FN:446,(anonymous_34)
FN:456,(anonymous_35)
FN:458,(anonymous_36)
FN:467,(anonymous_37)
FN:475,(anonymous_38)
FN:487,(anonymous_39)
FN:499,(anonymous_40)
FN:506,(anonymous_41)
FN:521,(anonymous_42)
FN:541,(anonymous_43)
FN:575,(anonymous_44)
FN:585,(anonymous_45)
FN:601,(anonymous_46)
FN:619,(anonymous_47)
FN:626,(anonymous_48)
FNF:49
FNH:0
FNDA:0,(anonymous_0)
FNDA:0,(anonymous_1)
FNDA:0,(anonymous_2)
FNDA:0,(anonymous_3)
FNDA:0,(anonymous_4)
FNDA:0,(anonymous_5)
FNDA:0,(anonymous_6)
FNDA:0,(anonymous_7)
FNDA:0,(anonymous_8)
FNDA:0,(anonymous_9)
FNDA:0,(anonymous_10)
FNDA:0,(anonymous_11)
FNDA:0,(anonymous_12)
FNDA:0,(anonymous_13)
FNDA:0,(anonymous_14)
FNDA:0,(anonymous_15)
FNDA:0,(anonymous_16)
FNDA:0,(anonymous_17)
FNDA:0,(anonymous_18)
FNDA:0,(anonymous_19)
FNDA:0,(anonymous_20)
FNDA:0,(anonymous_21)
FNDA:0,(anonymous_22)
FNDA:0,(anonymous_23)
FNDA:0,(anonymous_24)
FNDA:0,(anonymous_25)
FNDA:0,(anonymous_26)
FNDA:0,(anonymous_27)
FNDA:0,(anonymous_28)
FNDA:0,(anonymous_29)
FNDA:0,(anonymous_30)
FNDA:0,(anonymous_31)
FNDA:0,(anonymous_32)
FNDA:0,(anonymous_33)
FNDA:0,(anonymous_34)
FNDA:0,(anonymous_35)
FNDA:0,(anonymous_36)
FNDA:0,(anonymous_37)
FNDA:0,(anonymous_38)
FNDA:0,(anonymous_39)
FNDA:0,(anonymous_40)
FNDA:0,(anonymous_41)
FNDA:0,(anonymous_42)
FNDA:0,(anonymous_43)
FNDA:0,(anonymous_44)
FNDA:0,(anonymous_45)
FNDA:0,(anonymous_46)
FNDA:0,(anonymous_47)
FNDA:0,(anonymous_48)
DA:7,0
DA:8,0
DA:9,0
DA:10,0
DA:11,0
DA:12,0
DA:13,0
DA:14,0
DA:16,0
DA:17,0
DA:24,0
DA:25,0
DA:26,0
DA:27,0
DA:28,0
DA:29,0
DA:30,0
DA:31,0
DA:32,0
DA:33,0
DA:34,0
DA:35,0
DA:42,0
DA:43,0
DA:55,0
DA:67,0
DA:68,0
DA:70,0
DA:72,0
DA:76,0
DA:77,0
DA:79,0
DA:80,0
DA:83,0
DA:85,0
DA:88,0
DA:89,0
DA:92,0
DA:101,0
DA:102,0
DA:105,0
DA:108,0
DA:109,0
DA:110,0
DA:113,0
DA:116,0
DA:125,0
DA:126,0
DA:128,0
DA:132,0
DA:133,0
DA:134,0
DA:142,0
DA:143,0
DA:146,0
DA:147,0
DA:149,0
DA:150,0
DA:151,0
DA:153,0
DA:155,0
DA:156,0
DA:160,0
DA:162,0
DA:163,0
DA:175,0
DA:176,0
DA:177,0
DA:178,0
DA:181,0
DA:183,0
DA:184,0
DA:185,0
DA:188,0
DA:189,0
DA:190,0
DA:201,0
DA:205,0
DA:206,0
DA:208,0
DA:212,0
DA:215,0
DA:216,0
DA:217,0
DA:219,0
DA:220,0
DA:224,0
DA:227,0
DA:228,0
DA:239,0
DA:240,0
DA:241,0
DA:242,0
DA:244,0
DA:255,0
DA:266,0
DA:267,0
DA:268,0
DA:270,0
DA:281,0
DA:289,0
DA:297,0
DA:308,0
DA:316,0
DA:325,0
DA:335,0
DA:346,0
DA:347,0
DA:355,0
DA:356,0
DA:364,0
DA:374,0
DA:377,0
DA:385,0
DA:386,0
DA:397,0
DA:398,0
DA:410,0
DA:412,0
DA:418,0
DA:420,0
DA:421,0
DA:431,0
DA:432,0
DA:434,0
DA:435,0
DA:446,0
DA:447,0
DA:458,0
DA:459,0
DA:468,0
DA:476,0
DA:488,0
DA:500,0
DA:501,0
DA:502,0
DA:506,0
DA:507,0
DA:509,0
DA:512,0
DA:513,0
DA:522,0
DA:531,0
DA:532,0
DA:533,0
DA:542,0
DA:543,0
DA:544,0
DA:547,0
DA:548,0
DA:551,0
DA:554,0
DA:555,0
DA:559,0
DA:560,0
DA:561,0
DA:562,0
DA:566,0
DA:567,0
DA:576,0
DA:577,0
DA:578,0
DA:587,0
DA:590,0
DA:591,0
DA:594,0
DA:602,0
DA:603,0
DA:604,0
DA:605,0
DA:612,0
DA:620,0
DA:627,0
DA:628,0
DA:629,0
LF:175
LH:0
BRDA:54,0,0,0
BRDA:61,1,0,0
BRDA:61,1,1,0
BRDA:62,2,0,0
BRDA:62,2,1,0
BRDA:63,3,0,0
BRDA:63,3,1,0
BRDA:67,4,0,0
BRDA:67,4,1,0
BRDA:68,5,0,0
BRDA:68,5,1,0
BRDA:79,6,0,0
BRDA:79,6,1,0
BRDA:88,7,0,0
BRDA:88,7,1,0
BRDA:101,8,0,0
BRDA:101,8,1,0
BRDA:108,9,0,0
BRDA:108,9,1,0
BRDA:108,10,0,0
BRDA:108,10,1,0
BRDA:125,11,0,0
BRDA:125,11,1,0
BRDA:132,12,0,0
BRDA:132,12,1,0
BRDA:142,13,0,0
BRDA:142,13,1,0
BRDA:142,14,0,0
BRDA:142,14,1,0
BRDA:153,15,0,0
BRDA:153,15,1,0
BRDA:205,16,0,0
BRDA:205,16,1,0
BRDA:216,17,0,0
BRDA:216,17,1,0
BRDA:240,18,0,0
BRDA:240,18,1,0
BRDA:241,19,0,0
BRDA:241,19,1,0
BRDA:244,20,0,0
BRDA:244,20,1,0
BRDA:412,21,0,0
BRDA:412,21,1,0
BRDA:500,22,0,0
BRDA:500,22,1,0
BRDA:542,23,0,0
BRDA:542,23,1,0
BRDA:547,24,0,0
BRDA:547,24,1,0
BRDA:554,25,0,0
BRDA:554,25,1,0
BRDA:559,26,0,0
BRDA:559,26,1,0
BRDA:576,27,0,0
BRDA:576,27,1,0
BRDA:577,28,0,0
BRDA:577,28,1,0
BRDA:590,29,0,0
BRDA:590,29,1,0
BRDA:590,30,0,0
BRDA:590,30,1,0
BRDA:604,31,0,0
BRDA:604,31,1,0
BRF:63
BRH:0
end_of_record
TN:
SF:src/utils/OperationQueue.js
FN:8,(anonymous_0)
FN:25,(anonymous_1)
FN:27,(anonymous_2)
FN:41,(anonymous_3)
FN:64,(anonymous_4)
FN:82,(anonymous_5)
FN:102,(anonymous_6)
FN:121,(anonymous_7)
FN:122,(anonymous_8)
FN:135,(anonymous_9)
FN:171,(anonymous_10)
FN:187,(anonymous_11)
FN:200,(anonymous_12)
FN:230,(anonymous_13)
FN:232,(anonymous_14)
FN:250,(anonymous_15)
FN:252,(anonymous_16)
FN:271,(anonymous_17)
FN:272,(anonymous_18)
FN:277,(anonymous_19)
FN:285,(anonymous_20)
FN:297,(anonymous_21)
FN:325,(anonymous_22)
FN:333,(anonymous_23)
FN:341,(anonymous_24)
FN:353,(anonymous_25)
FNF:26
FNH:0
FNDA:0,(anonymous_0)
FNDA:0,(anonymous_1)
FNDA:0,(anonymous_2)
FNDA:0,(anonymous_3)
FNDA:0,(anonymous_4)
FNDA:0,(anonymous_5)
FNDA:0,(anonymous_6)
FNDA:0,(anonymous_7)
FNDA:0,(anonymous_8)
FNDA:0,(anonymous_9)
FNDA:0,(anonymous_10)
FNDA:0,(anonymous_11)
FNDA:0,(anonymous_12)
FNDA:0,(anonymous_13)
FNDA:0,(anonymous_14)
FNDA:0,(anonymous_15)
FNDA:0,(anonymous_16)
FNDA:0,(anonymous_17)
FNDA:0,(anonymous_18)
FNDA:0,(anonymous_19)
FNDA:0,(anonymous_20)
FNDA:0,(anonymous_21)
FNDA:0,(anonymous_22)
FNDA:0,(anonymous_23)
FNDA:0,(anonymous_24)
FNDA:0,(anonymous_25)
DA:9,0
DA:10,0
DA:11,0
DA:12,0
DA:13,0
DA:14,0
DA:15,0
DA:16,0
DA:17,0
DA:19,0
DA:27,0
DA:28,0
DA:29,0
DA:30,0
DA:42,0
DA:45,0
DA:46,0
DA:48,0
DA:60,0
DA:61,0
DA:64,0
DA:65,0
DA:66,0
DA:69,0
DA:72,0
DA:73,0
DA:76,0
DA:83,0
DA:84,0
DA:87,0
DA:88,0
DA:89,0
DA:92,0
DA:93,0
DA:95,0
DA:96,0
DA:97,0
DA:98,0
DA:101,0
DA:102,0
DA:106,0
DA:107,0
DA:109,0
DA:110,0
DA:122,0
DA:124,0
DA:125,0
DA:127,0
DA:136,0
DA:137,0
DA:139,0
DA:142,0
DA:143,0
DA:146,0
DA:147,0
DA:151,0
DA:154,0
DA:157,0
DA:158,0
DA:162,0
DA:172,0
DA:174,0
DA:175,0
DA:176,0
DA:179,0
DA:188,0
DA:189,0
DA:190,0
DA:192,0
DA:194,0
DA:196,0
DA:199,0
DA:200,0
DA:203,0
DA:207,0
DA:210,0
DA:217,0
DA:220,0
DA:221,0
DA:232,0
DA:233,0
DA:234,0
DA:237,0
DA:238,0
DA:243,0
DA:244,0
DA:252,0
DA:253,0
DA:254,0
DA:258,0
DA:259,0
DA:261,0
DA:272,0
DA:273,0
DA:274,0
DA:277,0
DA:286,0
DA:294,0
DA:295,0
DA:297,0
DA:299,0
DA:303,0
DA:307,0
DA:310,0
DA:311,0
DA:312,0
DA:316,0
DA:318,0
DA:326,0
DA:334,0
DA:342,0
DA:354,0
DA:355,0
LF:113
LH:0
BRDA:28,0,0,0
BRDA:28,0,1,0
BRDA:28,1,0,0
BRDA:28,1,1,0
BRDA:29,2,0,0
BRDA:29,2,1,0
BRDA:29,3,0,0
BRDA:29,3,1,0
BRDA:72,4,0,0
BRDA:72,4,1,0
BRDA:72,5,0,0
BRDA:72,5,1,0
BRDA:83,6,0,0
BRDA:83,6,1,0
BRDA:83,7,0,0
BRDA:83,7,1,0
BRDA:87,8,0,0
BRDA:87,8,1,0
BRDA:96,9,0,0
BRDA:96,9,1,0
BRDA:101,10,0,0
BRDA:101,10,1,0
BRDA:146,11,0,0
BRDA:146,11,1,0
BRDA:157,12,0,0
BRDA:157,12,1,0
BRDA:174,13,0,0
BRDA:174,13,1,0
BRDA:176,14,0,0
BRDA:176,14,1,0
BRDA:194,15,0,0
BRDA:194,15,1,0
BRDA:220,16,0,0
BRDA:220,16,1,0
BRDA:233,17,0,0
BRDA:233,17,1,0
BRDA:237,18,0,0
BRDA:237,18,1,0
BRDA:253,19,0,0
BRDA:253,19,1,0
BRDA:273,20,0,0
BRDA:273,20,1,0
BRDA:277,21,0,0
BRDA:277,21,1,0
BRDA:277,22,0,0
BRDA:277,22,1,0
BRDA:300,23,0,0
BRDA:300,23,1,0
BRDA:304,24,0,0
BRDA:304,24,1,0
BRDA:307,25,0,0
BRDA:307,25,1,0
BRDA:310,26,0,0
BRDA:310,26,1,0
BRDA:310,27,0,0
BRDA:310,27,1,0
BRDA:316,28,0,0
BRDA:316,28,1,0
BRDA:326,29,0,0
BRDA:326,29,1,0
BRF:60
BRH:0
end_of_record
TN:
SF:src/utils/OperationTransformer.js
FN:13,(anonymous_0)
FN:54,(anonymous_1)
FN:74,(anonymous_2)
FN:97,(anonymous_3)
FN:124,(anonymous_4)
FN:142,(anonymous_5)
FN:160,(anonymous_6)
FN:191,(anonymous_7)
FN:222,(anonymous_8)
FN:233,(anonymous_9)
FN:244,(anonymous_10)
FN:280,(anonymous_11)
FN:298,(anonymous_12)
FN:311,(anonymous_13)
FN:332,(anonymous_14)
FN:358,(anonymous_15)
FN:375,(anonymous_16)
FN:396,(anonymous_17)
FN:418,(anonymous_18)
FNF:19
FNH:0
FNDA:0,(anonymous_0)
FNDA:0,(anonymous_1)
FNDA:0,(anonymous_2)
FNDA:0,(anonymous_3)
FNDA:0,(anonymous_4)
FNDA:0,(anonymous_5)
FNDA:0,(anonymous_6)
FNDA:0,(anonymous_7)
FNDA:0,(anonymous_8)
FNDA:0,(anonymous_9)
FNDA:0,(anonymous_10)
FNDA:0,(anonymous_11)
FNDA:0,(anonymous_12)
FNDA:0,(anonymous_13)
FNDA:0,(anonymous_14)
FNDA:0,(anonymous_15)
FNDA:0,(anonymous_16)
FNDA:0,(anonymous_17)
FNDA:0,(anonymous_18)
DA:15,0
DA:16,0
DA:19,0
DA:21,0
DA:23,0
DA:25,0
DA:27,0
DA:29,0
DA:31,0
DA:33,0
DA:35,0
DA:37,0
DA:39,0
DA:41,0
DA:44,0
DA:56,0
DA:57,0
DA:61,0
DA:62,0
DA:65,0
DA:76,0
DA:77,0
DA:81,0
DA:83,0
DA:86,0
DA:99,0
DA:100,0
DA:103,0
DA:105,0
DA:107,0
DA:108,0
DA:111,0
DA:112,0
DA:115,0
DA:126,0
DA:144,0
DA:162,0
DA:164,0
DA:165,0
DA:174,0
DA:193,0
DA:195,0
DA:196,0
DA:205,0
DA:224,0
DA:235,0
DA:246,0
DA:247,0
DA:249,0
DA:250,0
DA:259,0
DA:271,0
DA:282,0
DA:300,0
DA:312,0
DA:313,0
DA:315,0
DA:316,0
DA:317,0
DA:318,0
DA:321,0
DA:333,0
DA:336,0
DA:337,0
DA:338,0
DA:344,0
DA:345,0
DA:346,0
DA:350,0
DA:351,0
DA:352,0
DA:357,0
DA:358,0
DA:359,0
DA:360,0
DA:361,0
DA:366,0
DA:377,0
DA:378,0
DA:379,0
DA:385,0
DA:398,0
DA:399,0
DA:403,0
DA:404,0
DA:408,0
DA:419,0
LF:87
LH:0
BRDA:15,0,0,0
BRDA:15,0,1,0
BRDA:21,1,0,0
BRDA:21,1,1,0
BRDA:21,1,2,0
BRDA:21,1,3,0
BRDA:21,1,4,0
BRDA:21,1,5,0
BRDA:21,1,6,0
BRDA:21,1,7,0
BRDA:21,1,8,0
BRDA:21,1,9,0
BRDA:21,1,10,0
BRDA:56,2,0,0
BRDA:56,2,1,0
BRDA:61,3,0,0
BRDA:61,3,1,0
BRDA:61,4,0,0
BRDA:61,4,1,0
BRDA:76,5,0,0
BRDA:76,5,1,0
BRDA:76,6,0,0
BRDA:76,6,1,0
BRDA:81,7,0,0
BRDA:81,7,1,0
BRDA:81,8,0,0
BRDA:81,8,1,0
BRDA:81,8,2,0
BRDA:105,9,0,0
BRDA:105,9,1,0
BRDA:164,10,0,0
BRDA:164,10,1,0
BRDA:195,11,0,0
BRDA:195,11,1,0
BRDA:246,12,0,0
BRDA:246,12,1,0
BRDA:249,13,0,0
BRDA:249,13,1,0
BRDA:315,14,0,0
BRDA:315,14,1,0
BRDA:317,15,0,0
BRDA:317,15,1,0
BRDA:321,16,0,0
BRDA:321,16,1,0
BRDA:336,17,0,0
BRDA:336,17,1,0
BRDA:336,18,0,0
BRDA:336,18,1,0
BRDA:337,19,0,0
BRDA:337,19,1,0
BRDA:344,20,0,0
BRDA:344,20,1,0
BRDA:344,21,0,0
BRDA:344,21,1,0
BRDA:345,22,0,0
BRDA:345,22,1,0
BRDA:350,23,0,0
BRDA:350,23,1,0
BRDA:350,24,0,0
BRDA:350,24,1,0
BRDA:351,25,0,0
BRDA:351,25,1,0
BRDA:359,26,0,0
BRDA:359,26,1,0
BRDA:359,27,0,0
BRDA:359,27,1,0
BRDA:360,28,0,0
BRDA:360,28,1,0
BRDA:377,29,0,0
BRDA:377,29,1,0
BRDA:377,30,0,0
BRDA:377,30,1,0
BRDA:379,31,0,0
BRDA:379,31,1,0
BRDA:398,32,0,0
BRDA:398,32,1,0
BRDA:398,33,0,0
BRDA:398,33,1,0
BRDA:403,34,0,0
BRDA:403,34,1,0
BRDA:403,35,0,0
BRDA:403,35,1,0
BRF:82
BRH:0
end_of_record
TN:
SF:src/utils/RealtimeCommunication.js
FN:51,(anonymous_0)
FN:81,(anonymous_1)
FN:97,(anonymous_2)
FN:115,(anonymous_3)
FN:116,(anonymous_4)
FN:120,(anonymous_5)
FN:127,(anonymous_6)
FN:143,(anonymous_7)
FN:144,(anonymous_8)
FN:145,(anonymous_9)
FN:146,(anonymous_10)
FN:147,(anonymous_11)
FN:157,(anonymous_12)
FN:180,(anonymous_13)
FN:204,(anonymous_14)
FN:214,(anonymous_15)
FN:215,(anonymous_16)
FN:239,(anonymous_17)
FN:249,(anonymous_18)
FN:255,(anonymous_19)
FN:285,(anonymous_20)
FN:328,(anonymous_21)
FN:342,(anonymous_22)
FN:351,(anonymous_23)
FN:363,(anonymous_24)
FN:380,(anonymous_25)
FN:395,(anonymous_26)
FN:409,(anonymous_27)
FN:423,(anonymous_28)
FN:450,(anonymous_29)
FN:456,(anonymous_30)
FN:469,(anonymous_31)
FN:472,(anonymous_32)
FN:488,(anonymous_33)
FN:496,(anonymous_34)
FN:509,(anonymous_35)
FN:525,(anonymous_36)
FN:533,(anonymous_37)
FN:544,(anonymous_38)
FN:574,(anonymous_39)
FNF:40
FNH:0
FNDA:0,(anonymous_0)
FNDA:0,(anonymous_1)
FNDA:0,(anonymous_2)
FNDA:0,(anonymous_3)
FNDA:0,(anonymous_4)
FNDA:0,(anonymous_5)
FNDA:0,(anonymous_6)
FNDA:0,(anonymous_7)
FNDA:0,(anonymous_8)
FNDA:0,(anonymous_9)
FNDA:0,(anonymous_10)
FNDA:0,(anonymous_11)
FNDA:0,(anonymous_12)
FNDA:0,(anonymous_13)
FNDA:0,(anonymous_14)
FNDA:0,(anonymous_15)
FNDA:0,(anonymous_16)
FNDA:0,(anonymous_17)
FNDA:0,(anonymous_18)
FNDA:0,(anonymous_19)
FNDA:0,(anonymous_20)
FNDA:0,(anonymous_21)
FNDA:0,(anonymous_22)
FNDA:0,(anonymous_23)
FNDA:0,(anonymous_24)
FNDA:0,(anonymous_25)
FNDA:0,(anonymous_26)
FNDA:0,(anonymous_27)
FNDA:0,(anonymous_28)
FNDA:0,(anonymous_29)
FNDA:0,(anonymous_30)
FNDA:0,(anonymous_31)
FNDA:0,(anonymous_32)
FNDA:0,(anonymous_33)
FNDA:0,(anonymous_34)
FNDA:0,(anonymous_35)
FNDA:0,(anonymous_36)
FNDA:0,(anonymous_37)
FNDA:0,(anonymous_38)
FNDA:0,(anonymous_39)
DA:8,0
DA:52,0
DA:53,0
DA:54,0
DA:55,0
DA:56,0
DA:57,0
DA:59,0
DA:60,0
DA:61,0
DA:62,0
DA:63,0
DA:64,0
DA:66,0
DA:67,0
DA:75,0
DA:83,0
DA:86,0
DA:89,0
DA:98,0
DA:100,0
DA:103,0
DA:104,0
DA:106,0
DA:108,0
DA:109,0
DA:110,0
DA:111,0
DA:113,0
DA:115,0
DA:116,0
DA:117,0
DA:120,0
DA:121,0
DA:122,0
DA:123,0
DA:124,0
DA:127,0
DA:128,0
DA:129,0
DA:130,0
DA:134,0
DA:135,0
DA:136,0
DA:144,0
DA:145,0
DA:146,0
DA:147,0
DA:148,0
DA:149,0
DA:158,0
DA:159,0
DA:160,0
DA:166,0
DA:167,0
DA:173,0
DA:181,0
DA:182,0
DA:187,0
DA:188,0
DA:195,0
DA:196,0
DA:205,0
DA:206,0
DA:207,0
DA:208,0
DA:215,0
DA:216,0
DA:217,0
DA:218,0
DA:219,0
DA:225,0
DA:226,0
DA:229,0
DA:230,0
DA:240,0
DA:241,0
DA:242,0
DA:250,0
DA:251,0
DA:253,0
DA:255,0
DA:256,0
DA:260,0
DA:261,0
DA:262,0
DA:266,0
DA:268,0
DA:269,0
DA:286,0
DA:288,0
DA:290,0
DA:295,0
DA:297,0
DA:299,0
DA:300,0
DA:304,0
DA:312,0
DA:316,0
DA:319,0
DA:320,0
DA:329,0
DA:332,0
DA:343,0
DA:344,0
DA:353,0
DA:364,0
DA:365,0
DA:368,0
DA:381,0
DA:383,0
DA:396,0
DA:398,0
DA:410,0
DA:412,0
DA:424,0
DA:426,0
DA:436,0
DA:451,0
DA:452,0
DA:454,0
DA:456,0
DA:457,0
DA:458,0
DA:459,0
DA:470,0
DA:471,0
DA:472,0
DA:473,0
DA:474,0
DA:476,0
DA:489,0
DA:497,0
DA:510,0
DA:526,0
DA:534,0
DA:535,0
DA:545,0
DA:546,0
DA:548,0
DA:549,0
DA:550,0
DA:553,0
DA:554,0
DA:555,0
DA:558,0
DA:559,0
DA:560,0
DA:563,0
DA:568,0
DA:575,0
DA:576,0
DA:577,0
DA:578,0
DA:581,0
DA:582,0
DA:583,0
LF:157
LH:0
BRDA:98,0,0,0
BRDA:98,0,1,0
BRDA:148,1,0,0
BRDA:148,1,1,0
BRDA:195,2,0,0
BRDA:195,2,1,0
BRDA:195,3,0,0
BRDA:195,3,1,0
BRDA:216,4,0,0
BRDA:216,4,1,0
BRDA:216,5,0,0
BRDA:216,5,1,0
BRDA:240,6,0,0
BRDA:240,6,1,0
BRDA:256,7,0,0
BRDA:256,7,1,0
BRDA:256,8,0,0
BRDA:256,8,1,0
BRDA:256,8,2,0
BRDA:268,9,0,0
BRDA:268,9,1,0
BRDA:295,10,0,0
BRDA:295,10,1,0
BRDA:299,11,0,0
BRDA:299,11,1,0
BRDA:364,12,0,0
BRDA:364,12,1,0
BRDA:381,13,0,0
BRDA:381,13,1,0
BRDA:396,14,0,0
BRDA:396,14,1,0
BRDA:410,15,0,0
BRDA:410,15,1,0
BRDA:423,16,0,0
BRDA:424,17,0,0
BRDA:424,17,1,0
BRDA:451,18,0,0
BRDA:451,18,1,0
BRDA:458,19,0,0
BRDA:458,19,1,0
BRDA:471,20,0,0
BRDA:471,20,1,0
BRDA:500,21,0,0
BRDA:500,21,1,0
BRDA:548,22,0,0
BRDA:548,22,1,0
BRDA:553,23,0,0
BRDA:553,23,1,0
BRDA:558,24,0,0
BRDA:558,24,1,0
BRF:50
BRH:0
end_of_record
TN:
SF:src/utils/SyncStateManager.js
FN:8,(anonymous_0)
FN:59,(anonymous_1)
FN:60,(anonymous_2)
FN:68,(anonymous_3)
FN:81,(anonymous_4)
FN:82,(anonymous_5)
FN:92,(anonymous_6)
FN:108,(anonymous_7)
FN:110,(anonymous_8)
FN:118,(anonymous_9)
FN:119,(anonymous_10)
FN:134,(anonymous_11)
FN:145,(anonymous_12)
FN:159,(anonymous_13)
FN:177,(anonymous_14)
FN:205,(anonymous_15)
FN:230,(anonymous_16)
FN:248,(anonymous_17)
FN:269,(anonymous_18)
FN:286,(anonymous_19)
FN:302,(anonymous_20)
FN:304,(anonymous_21)
FN:316,(anonymous_22)
FN:339,(anonymous_23)
FN:366,(anonymous_24)
FN:378,(anonymous_25)
FN:392,(anonymous_26)
FN:423,(anonymous_27)
FN:439,(anonymous_28)
FNF:29
FNH:0
FNDA:0,(anonymous_0)
FNDA:0,(anonymous_1)
FNDA:0,(anonymous_2)
FNDA:0,(anonymous_3)
FNDA:0,(anonymous_4)
FNDA:0,(anonymous_5)
FNDA:0,(anonymous_6)
FNDA:0,(anonymous_7)
FNDA:0,(anonymous_8)
FNDA:0,(anonymous_9)
FNDA:0,(anonymous_10)
FNDA:0,(anonymous_11)
FNDA:0,(anonymous_12)
FNDA:0,(anonymous_13)
FNDA:0,(anonymous_14)
FNDA:0,(anonymous_15)
FNDA:0,(anonymous_16)
FNDA:0,(anonymous_17)
FNDA:0,(anonymous_18)
FNDA:0,(anonymous_19)
FNDA:0,(anonymous_20)
FNDA:0,(anonymous_21)
FNDA:0,(anonymous_22)
FNDA:0,(anonymous_23)
FNDA:0,(anonymous_24)
FNDA:0,(anonymous_25)
FNDA:0,(anonymous_26)
FNDA:0,(anonymous_27)
FNDA:0,(anonymous_28)
DA:9,0
DA:49,0
DA:50,0
DA:52,0
DA:53,0
DA:60,0
DA:61,0
DA:65,0
DA:68,0
DA:69,0
DA:74,0
DA:82,0
DA:83,0
DA:84,0
DA:93,0
DA:94,0
DA:96,0
DA:109,0
DA:110,0
DA:119,0
DA:120,0
DA:121,0
DA:123,0
DA:135,0
DA:136,0
DA:146,0
DA:147,0
DA:160,0
DA:166,0
DA:170,0
DA:178,0
DA:179,0
DA:180,0
DA:183,0
DA:184,0
DA:185,0
DA:186,0
DA:190,0
DA:197,0
DA:206,0
DA:212,0
DA:213,0
DA:214,0
DA:217,0
DA:231,0
DA:232,0
DA:234,0
DA:236,0
DA:240,0
DA:249,0
DA:250,0
DA:251,0
DA:252,0
DA:253,0
DA:257,0
DA:261,0
DA:270,0
DA:275,0
DA:287,0
DA:293,0
DA:303,0
DA:304,0
DA:307,0
DA:317,0
DA:323,0
DA:324,0
DA:327,0
DA:340,0
DA:348,0
DA:351,0
DA:352,0
DA:355,0
DA:360,0
DA:367,0
DA:379,0
DA:380,0
DA:383,0
DA:384,0
DA:386,0
DA:393,0
DA:394,0
DA:395,0
DA:397,0
DA:399,0
DA:400,0
DA:401,0
DA:402,0
DA:403,0
DA:404,0
DA:405,0
DA:406,0
DA:407,0
DA:409,0
DA:413,0
DA:414,0
DA:415,0
DA:424,0
DA:440,0
DA:441,0
DA:442,0
LF:100
LH:0
BRDA:185,0,0,0
BRDA:185,0,1,0
BRDA:213,1,0,0
BRDA:213,1,1,0
BRDA:231,2,0,0
BRDA:231,2,1,0
BRDA:250,3,0,0
BRDA:250,3,1,0
BRDA:252,4,0,0
BRDA:252,4,1,0
BRDA:323,5,0,0
BRDA:323,5,1,0
BRDA:339,6,0,0
BRDA:342,7,0,0
BRDA:342,7,1,0
BRDA:345,8,0,0
BRDA:345,8,1,0
BRDA:351,9,0,0
BRDA:351,9,1,0
BRDA:399,10,0,0
BRDA:399,10,1,0
BRDA:401,11,0,0
BRDA:401,11,1,0
BRDA:402,12,0,0
BRDA:402,12,1,0
BRDA:402,13,0,0
BRDA:402,13,1,0
BRDA:404,14,0,0
BRDA:404,14,1,0
BRDA:404,15,0,0
BRDA:404,15,1,0
BRDA:406,16,0,0
BRDA:406,16,1,0
BRDA:406,17,0,0
BRDA:406,17,1,0
BRDA:413,18,0,0
BRDA:413,18,1,0
BRF:37
BRH:0
end_of_record
TN:
SF:src/utils/VectorClock.js
FN:6,(anonymous_0)
FN:15,(anonymous_1)
FN:25,(anonymous_2)
FN:37,(anonymous_3)
FN:63,(anonymous_4)
FN:71,(anonymous_5)
FN:79,(anonymous_6)
FN:89,(anonymous_7)
FN:100,(anonymous_8)
FN:109,(anonymous_9)
FNF:10
FNH:0
FNDA:0,(anonymous_0)
FNDA:0,(anonymous_1)
FNDA:0,(anonymous_2)
FNDA:0,(anonymous_3)
FNDA:0,(anonymous_4)
FNDA:0,(anonymous_5)
FNDA:0,(anonymous_6)
FNDA:0,(anonymous_7)
FNDA:0,(anonymous_8)
FNDA:0,(anonymous_9)
DA:7,0
DA:16,0
DA:17,0
DA:26,0
DA:27,0
DA:29,0
DA:38,0
DA:39,0
DA:40,0
DA:42,0
DA:43,0
DA:45,0
DA:46,0
DA:47,0
DA:49,0
DA:50,0
DA:53,0
DA:54,0
DA:55,0
DA:56,0
DA:64,0
DA:72,0
DA:80,0
DA:90,0
DA:91,0
DA:92,0
DA:101,0
DA:110,0
LF:28
LH:0
BRDA:6,0,0,0
BRDA:16,1,0,0
BRDA:16,1,1,0
BRDA:27,2,0,0
BRDA:27,2,1,0
BRDA:46,3,0,0
BRDA:46,3,1,0
BRDA:47,4,0,0
BRDA:47,4,1,0
BRDA:49,5,0,0
BRDA:49,5,1,0
BRDA:50,6,0,0
BRDA:50,6,1,0
BRDA:53,7,0,0
BRDA:53,7,1,0
BRDA:53,8,0,0
BRDA:53,8,1,0
BRDA:54,9,0,0
BRDA:54,9,1,0
BRDA:55,10,0,0
BRDA:55,10,1,0
BRF:21
BRH:0
end_of_record
